Inside data iteration
Taking a break...
5 seconds later...
{ 'Municipality/DMO': 'Pula',
  'What is your country and city of residence?': 'italia',
  Postcode: '',
  City: 'torino',
  Gender: 'Female',
  Age: '65 - 79',
  overnight: true,
  'how many nights': '70',
  'If No, how many hours': '',
  'did you from': '',
  Purpose: [ 'Holiday' ],
  'how many': [ 'With family' ],
  'primary transport': [ 'Airplane', 'Car', 'Own, friends, firm' ],
  'method transport here': [ 'Walk' ],
  'first time here': false,
  'If No, how many times': '5',
  'When last visit': 'Negli ultimi 12 mesi',
  'Interesting Features': [],
  'kind of accommodation': [ 'Own property' ],
  'spend per day': '',
  expenses: 'Within what was planned',
  'disability or reduced mobility': false,
  'special needs': 'Agree',
  'sustainability efforts': false,
  'initiatives aware': '',
  'Overall Satisfaction': 'Strongly agree',
  'Disability considerations': 'Agree',
  'Highest Degree': 'Primary school',
  'Professional Status': 'Retired',
  'Annual Household': 'Low (under 30.000 euros)',
  'did you from-Comment': '',
  'Purpose-Comment': '',
  'primary transport-Comment': '',
  'method transport here-Comment': '',
  'Interesting Features-Comment': '',
  'kind of accommodation-Comment': '',
  'Highest Degree-Comment': '',
  'Professional Status-Comment': '',
  SurveyType: 'visitors' }
{ 'Municipality/DMO': 'Pula',
  'What is your country and city of residence?': 'italia',
  Postcode: '',
  City: 'torino',
  Gender: 'Female',
  Age: '65 - 79',
  overnight: true,
  'how many nights': '70',
  'If No, how many hours': '',
  'did you from': '',
  Purpose: [ 'Holiday' ],
  'how many': [ 'With family' ],
  'primary transport': [ 'Airplane', 'Car', 'Own, friends, firm' ],
  'method transport here': [ 'Walk' ],
  'first time here': false,
  'If No, how many times': '5',
  'When last visit': 'Negli ultimi 12 mesi',
  'Interesting Features': [],
  'kind of accommodation': [ 'Own property' ],
  'spend per day': '',
  expenses: 'Within what was planned',
  'disability or reduced mobility': false,
  'special needs': 'Agree',
  'sustainability efforts': false,
  'initiatives aware': '',
  'Overall Satisfaction': 'Strongly agree',
  'Disability considerations': 'Agree',
  'Highest Degree': 'Primary school',
  'Professional Status': 'Retired',
  'Annual Household': 'Low (under 30.000 euros)',
  'did you from-Comment': '',
  'Purpose-Comment': '',
  'primary transport-Comment': '',
  'method transport here-Comment': '',
  'Interesting Features-Comment': '',
  'kind of accommodation-Comment': '',
  'Highest Degree-Comment': '',
  'Professional Status-Comment': '',
  SurveyType: 'visitors' }
Taking a break...
5 seconds later...
{ 'Municipality/DMO': 'Cagliari',
  'What is your country and city of residence?': 'Italia',
  Postcode: '10121',
  City: 'Torino',
  Gender: 'Female',
  Age: '50 - 64',
  overnight: true,
  'how many nights': '1',
  'If No, how many hours': '',
  'did you from': '',
  Purpose: [ 'Holiday' ],
  'how many': [ 'With friends' ],
  'primary transport': [ 'Airplane' ],
  'method transport here': [ 'Bicycle', 'Walk' ],
  'first time here': true,
  'If No, how many times': '',
  'When last visit': '',
  'Interesting Features': [ 'Historic interest', 'Scenery and countryside' ],
  'kind of accommodation': [ 'Bed and Breakfast or Guest home' ],
  'spend per day': '',
  expenses: 'Within what was planned',
  'disability or reduced mobility': false,
  'special needs': 'Disagree',
  'sustainability efforts': false,
  'initiatives aware': '',
  'Overall Satisfaction': 'Agree',
  'Disability considerations': 'Disagree',
  'Highest Degree': 'Bachelor’s degree',
  'Professional Status': 'Full time employed for wages',
  'Annual Household': 'Medium (from 30.000 to 60.000 euros)',
  'did you from-Comment': '',
  'Purpose-Comment': '',
  'primary transport-Comment': '',
  'method transport here-Comment': '',
  'Interesting Features-Comment': 'Conoscere altre città della Sardegna',
  'kind of accommodation-Comment': '',
  'Highest Degree-Comment': '',
  'Professional Status-Comment': '',
  SurveyType: 'visitors' }
{ 'Municipality/DMO': 'Cagliari',
  'What is your country and city of residence?': 'Italia',
  Postcode: '10121',
  City: 'Torino',
  Gender: 'Female',
  Age: '50 - 64',
  overnight: true,
  'how many nights': '1',
  'If No, how many hours': '',
  'did you from': '',
  Purpose: [ 'Holiday' ],
  'how many': [ 'With friends' ],
  'primary transport': [ 'Airplane' ],
  'method transport here': [ 'Bicycle', 'Walk' ],
  'first time here': true,
  'If No, how many times': '',
  'When last visit': '',
  'Interesting Features': [ 'Historic interest', 'Scenery and countryside' ],
  'kind of accommodation': [ 'Bed and Breakfast or Guest home' ],
  'spend per day': '',
  expenses: 'Within what was planned',
  'disability or reduced mobility': false,
  'special needs': 'Disagree',
  'sustainability efforts': false,
  'initiatives aware': '',
  'Overall Satisfaction': 'Agree',
  'Disability considerations': 'Disagree',
  'Highest Degree': 'Bachelor’s degree',
  'Professional Status': 'Full time employed for wages',
  'Annual Household': 'Medium (from 30.000 to 60.000 euros)',
  'did you from-Comment': '',
  'Purpose-Comment': '',
  'primary transport-Comment': '',
  'method transport here-Comment': '',
  'Interesting Features-Comment': 'Conoscere altre città della Sardegna',
  'kind of accommodation-Comment': '',
  'Highest Degree-Comment': '',
  'Professional Status-Comment': '',
  SurveyType: 'visitors' }
Taking a break...
5 seconds later...
{ 'Municipality/DMO': 'Cagliari',
  'What is your country and city of residence?': 'Argentina',
  Postcode: 'B1675',
  City: 'Buenos Aires',
  Gender: 'Male',
  Age: '50 - 64',
  overnight: true,
  'how many nights': '3',
  'If No, how many hours': '',
  'did you from': '',
  Purpose: [ 'Holiday' ],
  'how many': [ 'With family' ],
  'primary transport': [ 'Airplane' ],
  'method transport here': [ 'Walk' ],
  'first time here': true,
  'If No, how many times': '',
  'When last visit': '',
  'Interesting Features': [ 'Historic interest', 'Scenery and countryside' ],
  'kind of accommodation': [ 'Rented house, flat, unit, etc.' ],
  'spend per day': '',
  expenses: 'Within what was planned',
  'disability or reduced mobility': false,
  'special needs': 'Strongly Disagree',
  'sustainability efforts': false,
  'initiatives aware': '',
  'Overall Satisfaction': 'Agree',
  'Disability considerations': 'Strongly Disagree',
  'Highest Degree': 'Master’s degree',
  'Professional Status': 'Full time employed for wages',
  'Annual Household': 'Medium (from 30.000 to 60.000 euros)',
  'did you from-Comment': '',
  'Purpose-Comment': '',
  'primary transport-Comment': '',
  'method transport here-Comment': '',
  'Interesting Features-Comment': '',
  'kind of accommodation-Comment': '',
  'Highest Degree-Comment': '',
  'Professional Status-Comment': '',
  SurveyType: 'visitors' }
{ 'Municipality/DMO': 'Cagliari',
  'What is your country and city of residence?': 'Argentina',
  Postcode: 'B1675',
  City: 'Buenos Aires',
  Gender: 'Male',
  Age: '50 - 64',
  overnight: true,
  'how many nights': '3',
  'If No, how many hours': '',
  'did you from': '',
  Purpose: [ 'Holiday' ],
  'how many': [ 'With family' ],
  'primary transport': [ 'Airplane' ],
  'method transport here': [ 'Walk' ],
  'first time here': true,
  'If No, how many times': '',
  'When last visit': '',
  'Interesting Features': [ 'Historic interest', 'Scenery and countryside' ],
  'kind of accommodation': [ 'Rented house, flat, unit, etc.' ],
  'spend per day': '',
  expenses: 'Within what was planned',
  'disability or reduced mobility': false,
  'special needs': 'Strongly Disagree',
  'sustainability efforts': false,
  'initiatives aware': '',
  'Overall Satisfaction': 'Agree',
  'Disability considerations': 'Strongly Disagree',
  'Highest Degree': 'Master’s degree',
  'Professional Status': 'Full time employed for wages',
  'Annual Household': 'Medium (from 30.000 to 60.000 euros)',
  'did you from-Comment': '',
  'Purpose-Comment': '',
  'primary transport-Comment': '',
  'method transport here-Comment': '',
  'Interesting Features-Comment': '',
  'kind of accommodation-Comment': '',
  'Highest Degree-Comment': '',
  'Professional Status-Comment': '',
  SurveyType: 'visitors' }
Taking a break...
5 seconds later...
{ 'Municipality/DMO': 'Cagliari',
  'What is your country and city of residence?': 'BELGIO',
  Postcode: '3680',
  City: 'MAASEIK',
  Gender: 'Male',
  Age: '65 - 79',
  overnight: true,
  'how many nights': '2',
  'If No, how many hours': '',
  'did you from': '',
  Purpose: [ 'Holiday' ],
  'how many': [ 'With family' ],
  'primary transport': [ 'Airplane' ],
  'method transport here': [ 'Car', 'Hired' ],
  'first time here': true,
  'If No, how many times': '',
  'When last visit': '',
  'Interesting Features': [ 'Friendliness and hospitality of locals' ],
  'kind of accommodation': [ 'Hotel / Resort / Motel' ],
  'spend per day': '',
  expenses: 'Higher than planned',
  'disability or reduced mobility': false,
  'special needs': 'Neutral',
  'sustainability efforts': false,
  'initiatives aware': '',
  'Overall Satisfaction': 'Agree',
  'Disability considerations': 'Neither Agree Nor Disagree',
  'Highest Degree': 'Master’s degree',
  'Professional Status': 'Full time employed for wages',
  'Annual Household': 'High (over 60.000 euros)',
  'did you from-Comment': '',
  'Purpose-Comment': '',
  'primary transport-Comment': '',
  'method transport here-Comment': '',
  'Interesting Features-Comment': 'Specialità gastronomiche',
  'kind of accommodation-Comment': '',
  'Highest Degree-Comment': '',
  'Professional Status-Comment': '',
  SurveyType: 'visitors' }
{ 'Municipality/DMO': 'Cagliari',
  'What is your country and city of residence?': 'BELGIO',
  Postcode: '3680',
  City: 'MAASEIK',
  Gender: 'Male',
  Age: '65 - 79',
  overnight: true,
  'how many nights': '2',
  'If No, how many hours': '',
  'did you from': '',
  Purpose: [ 'Holiday' ],
  'how many': [ 'With family' ],
  'primary transport': [ 'Airplane' ],
  'method transport here': [ 'Car', 'Hired' ],
  'first time here': true,
  'If No, how many times': '',
  'When last visit': '',
  'Interesting Features': [ 'Friendliness and hospitality of locals' ],
  'kind of accommodation': [ 'Hotel / Resort / Motel' ],
  'spend per day': '',
  expenses: 'Higher than planned',
  'disability or reduced mobility': false,
  'special needs': 'Neutral',
  'sustainability efforts': false,
  'initiatives aware': '',
  'Overall Satisfaction': 'Agree',
  'Disability considerations': 'Neither Agree Nor Disagree',
  'Highest Degree': 'Master’s degree',
  'Professional Status': 'Full time employed for wages',
  'Annual Household': 'High (over 60.000 euros)',
  'did you from-Comment': '',
  'Purpose-Comment': '',
  'primary transport-Comment': '',
  'method transport here-Comment': '',
  'Interesting Features-Comment': 'Specialità gastronomiche',
  'kind of accommodation-Comment': '',
  'Highest Degree-Comment': '',
  'Professional Status-Comment': '',
  SurveyType: 'visitors' }
Taking a break...
5 seconds later...
{ 'Municipality/DMO': 'Cagliari',
  'What is your country and city of residence?': 'SVIZZERA',
  Postcode: '1206',
  City: 'GINEVRA',
  Gender: 'Male',
  Age: '25 - 49',
  overnight: true,
  'how many nights': '5',
  'If No, how many hours': '',
  'did you from': '',
  Purpose: [ 'Holiday' ],
  'how many': [ 'With friends' ],
  'primary transport': [ 'Airplane' ],
  'method transport here': [ 'Walk' ],
  'first time here': true,
  'If No, how many times': '',
  'When last visit': '',
  'Interesting Features': [ 'Beach facilities', 'Accessibility', 'Peace and quiet' ],
  'kind of accommodation': [ 'Hotel / Resort / Motel' ],
  'spend per day': '',
  expenses: 'Cheaper than planned',
  'disability or reduced mobility': false,
  'special needs': 'Agree',
  'sustainability efforts': false,
  'initiatives aware': '',
  'Overall Satisfaction': 'Strongly agree',
  'Disability considerations': 'Agree',
  'Highest Degree': 'Bachelor’s degree',
  'Professional Status': 'Full time employed for wages',
  'Annual Household': 'High (over 60.000 euros)',
  'did you from-Comment': '',
  'Purpose-Comment': '',
  'primary transport-Comment': '',
  'method transport here-Comment': '',
  'Interesting Features-Comment': '',
  'kind of accommodation-Comment': '',
  'Highest Degree-Comment': '',
  'Professional Status-Comment': '',
  SurveyType: 'visitors' }
{ 'Municipality/DMO': 'Cagliari',
  'What is your country and city of residence?': 'SVIZZERA',
  Postcode: '1206',
  City: 'GINEVRA',
  Gender: 'Male',
  Age: '25 - 49',
  overnight: true,
  'how many nights': '5',
  'If No, how many hours': '',
  'did you from': '',
  Purpose: [ 'Holiday' ],
  'how many': [ 'With friends' ],
  'primary transport': [ 'Airplane' ],
  'method transport here': [ 'Walk' ],
  'first time here': true,
  'If No, how many times': '',
  'When last visit': '',
  'Interesting Features': [ 'Beach facilities', 'Accessibility', 'Peace and quiet' ],
  'kind of accommodation': [ 'Hotel / Resort / Motel' ],
  'spend per day': '',
  expenses: 'Cheaper than planned',
  'disability or reduced mobility': false,
  'special needs': 'Agree',
  'sustainability efforts': false,
  'initiatives aware': '',
  'Overall Satisfaction': 'Strongly agree',
  'Disability considerations': 'Agree',
  'Highest Degree': 'Bachelor’s degree',
  'Professional Status': 'Full time employed for wages',
  'Annual Household': 'High (over 60.000 euros)',
  'did you from-Comment': '',
  'Purpose-Comment': '',
  'primary transport-Comment': '',
  'method transport here-Comment': '',
  'Interesting Features-Comment': '',
  'kind of accommodation-Comment': '',
  'Highest Degree-Comment': '',
  'Professional Status-Comment': '',
  SurveyType: 'visitors' }
Taking a break...
5 seconds later...
{ 'Municipality/DMO': 'Cagliari',
  'What is your country and city of residence?': 'ITALIA',
  Postcode: '10131',
  City: 'TORINO',
  Gender: 'Male',
  Age: '50 - 64',
  overnight: true,
  'how many nights': '1',
  'If No, how many hours': '',
  'did you from': '',
  Purpose: [ 'Holiday' ],
  'how many': [ 'With friends' ],
  'primary transport': [ 'Boat / Ship / Ferry' ],
  'method transport here': [ 'Motorcycle', 'Own, friends, firm' ],
  'first time here': false,
  'If No, how many times': '1',
  'When last visit': 'Negli ultimi 24 mesi',
  'Interesting Features': [],
  'kind of accommodation': [ 'Hotel / Resort / Motel' ],
  'spend per day': '',
  expenses: 'Within what was planned',
  'disability or reduced mobility': false,
  'special needs': 'Neutral',
  'sustainability efforts': false,
  'initiatives aware': '',
  'Overall Satisfaction': 'Agree',
  'Disability considerations': 'Neither Agree Nor Disagree',
  'Highest Degree': 'High school graduate',
  'Professional Status': 'Self-employed',
  'Annual Household': 'Low (under 30.000 euros)',
  'did you from-Comment': '',
  'Purpose-Comment': '',
  'primary transport-Comment': '',
  'method transport here-Comment': '',
  'Interesting Features-Comment': 'COMMERCIALI',
  'kind of accommodation-Comment': '',
  'Highest Degree-Comment': '',
  'Professional Status-Comment': '',
  SurveyType: 'visitors' }
{ 'Municipality/DMO': 'Cagliari',
  'What is your country and city of residence?': 'ITALIA',
  Postcode: '10131',
  City: 'TORINO',
  Gender: 'Male',
  Age: '50 - 64',
  overnight: true,
  'how many nights': '1',
  'If No, how many hours': '',
  'did you from': '',
  Purpose: [ 'Holiday' ],
  'how many': [ 'With friends' ],
  'primary transport': [ 'Boat / Ship / Ferry' ],
  'method transport here': [ 'Motorcycle', 'Own, friends, firm' ],
  'first time here': false,
  'If No, how many times': '1',
  'When last visit': 'Negli ultimi 24 mesi',
  'Interesting Features': [],
  'kind of accommodation': [ 'Hotel / Resort / Motel' ],
  'spend per day': '',
  expenses: 'Within what was planned',
  'disability or reduced mobility': false,
  'special needs': 'Neutral',
  'sustainability efforts': false,
  'initiatives aware': '',
  'Overall Satisfaction': 'Agree',
  'Disability considerations': 'Neither Agree Nor Disagree',
  'Highest Degree': 'High school graduate',
  'Professional Status': 'Self-employed',
  'Annual Household': 'Low (under 30.000 euros)',
  'did you from-Comment': '',
  'Purpose-Comment': '',
  'primary transport-Comment': '',
  'method transport here-Comment': '',
  'Interesting Features-Comment': 'COMMERCIALI',
  'kind of accommodation-Comment': '',
  'Highest Degree-Comment': '',
  'Professional Status-Comment': '',
  SurveyType: 'visitors' }
Taking a break...
5 seconds later...
{ 'Municipality/DMO': 'Cagliari',
  'What is your country and city of residence?': 'FRANCIA',
  Postcode: '75011',
  City: 'PARIGI',
  Gender: 'Male',
  Age: '65 - 79',
  overnight: true,
  'how many nights': '2',
  'If No, how many hours': '',
  'did you from': '',
  Purpose: [ 'Holiday' ],
  'how many': [ 'With family' ],
  'primary transport': [ 'Boat / Ship / Ferry' ],
  'method transport here': [ 'Boat / Ship / Ferry' ],
  'first time here': true,
  'If No, how many times': '',
  'When last visit': '',
  'Interesting Features': [ 'Historic interest', 'Scenery and countryside' ],
  'kind of accommodation': [ 'Hotel / Resort / Motel' ],
  'spend per day': '',
  expenses: 'Within what was planned',
  'disability or reduced mobility': false,
  'special needs': 'Agree',
  'sustainability efforts': true,
  'initiatives aware': 'pulizia delle strade, buon stato dei monumenti.',
  'Overall Satisfaction': 'Agree',
  'Disability considerations': 'Agree',
  'Highest Degree': 'Master’s degree',
  'Professional Status': 'Retired',
  'Annual Household': 'I prefer not to answer',
  'did you from-Comment': '',
  'Purpose-Comment': '',
  'primary transport-Comment': '',
  'method transport here-Comment': '',
  'Interesting Features-Comment': '',
  'kind of accommodation-Comment': '',
  'Highest Degree-Comment': '',
  'Professional Status-Comment': '',
  SurveyType: 'visitors' }
{ 'Municipality/DMO': 'Cagliari',
  'What is your country and city of residence?': 'FRANCIA',
  Postcode: '75011',
  City: 'PARIGI',
  Gender: 'Male',
  Age: '65 - 79',
  overnight: true,
  'how many nights': '2',
  'If No, how many hours': '',
  'did you from': '',
  Purpose: [ 'Holiday' ],
  'how many': [ 'With family' ],
  'primary transport': [ 'Boat / Ship / Ferry' ],
  'method transport here': [ 'Boat / Ship / Ferry' ],
  'first time here': true,
  'If No, how many times': '',
  'When last visit': '',
  'Interesting Features': [ 'Historic interest', 'Scenery and countryside' ],
  'kind of accommodation': [ 'Hotel / Resort / Motel' ],
  'spend per day': '',
  expenses: 'Within what was planned',
  'disability or reduced mobility': false,
  'special needs': 'Agree',
  'sustainability efforts': true,
  'initiatives aware': 'pulizia delle strade, buon stato dei monumenti.',
  'Overall Satisfaction': 'Agree',
  'Disability considerations': 'Agree',
  'Highest Degree': 'Master’s degree',
  'Professional Status': 'Retired',
  'Annual Household': 'I prefer not to answer',
  'did you from-Comment': '',
  'Purpose-Comment': '',
  'primary transport-Comment': '',
  'method transport here-Comment': '',
  'Interesting Features-Comment': '',
  'kind of accommodation-Comment': '',
  'Highest Degree-Comment': '',
  'Professional Status-Comment': '',
  SurveyType: 'visitors' }
Taking a break...
5 seconds later...
{ 'Municipality/DMO': 'Cagliari',
  'What is your country and city of residence?': 'CATALOGNA',
  Postcode: '08600',
  City: 'BERGA',
  Gender: 'Female',
  Age: '50 - 64',
  overnight: true,
  'how many nights': '2',
  'If No, how many hours': '',
  'did you from': '',
  Purpose: [ 'Holiday' ],
  'how many': [ 'With family' ],
  'primary transport': [ 'Car' ],
  'method transport here': [ 'Walk' ],
  'first time here': true,
  'If No, how many times': '',
  'When last visit': '',
  'Interesting Features': [ 'Historic interest' ],
  'kind of accommodation': [ 'Hotel / Resort / Motel' ],
  'spend per day': '',
  expenses: 'Within what was planned',
  'disability or reduced mobility': false,
  'special needs': 'Disagree',
  'sustainability efforts': false,
  'initiatives aware': '',
  'Overall Satisfaction': 'Agree',
  'Disability considerations': 'Disagree',
  'Highest Degree': 'Master’s degree',
  'Professional Status': 'Full time employed for wages',
  'Annual Household': 'Medium (from 30.000 to 60.000 euros)',
  'did you from-Comment': '',
  'Purpose-Comment': '',
  'primary transport-Comment': '',
  'method transport here-Comment': '',
  'Interesting Features-Comment': '',
  'kind of accommodation-Comment': '',
  'Highest Degree-Comment': '',
  'Professional Status-Comment': '',
  SurveyType: 'visitors' }
{ 'Municipality/DMO': 'Cagliari',
  'What is your country and city of residence?': 'CATALOGNA',
  Postcode: '08600',
  City: 'BERGA',
  Gender: 'Female',
  Age: '50 - 64',
  overnight: true,
  'how many nights': '2',
  'If No, how many hours': '',
  'did you from': '',
  Purpose: [ 'Holiday' ],
  'how many': [ 'With family' ],
  'primary transport': [ 'Car' ],
  'method transport here': [ 'Walk' ],
  'first time here': true,
  'If No, how many times': '',
  'When last visit': '',
  'Interesting Features': [ 'Historic interest' ],
  'kind of accommodation': [ 'Hotel / Resort / Motel' ],
  'spend per day': '',
  expenses: 'Within what was planned',
  'disability or reduced mobility': false,
  'special needs': 'Disagree',
  'sustainability efforts': false,
  'initiatives aware': '',
  'Overall Satisfaction': 'Agree',
  'Disability considerations': 'Disagree',
  'Highest Degree': 'Master’s degree',
  'Professional Status': 'Full time employed for wages',
  'Annual Household': 'Medium (from 30.000 to 60.000 euros)',
  'did you from-Comment': '',
  'Purpose-Comment': '',
  'primary transport-Comment': '',
  'method transport here-Comment': '',
  'Interesting Features-Comment': '',
  'kind of accommodation-Comment': '',
  'Highest Degree-Comment': '',
  'Professional Status-Comment': '',
  SurveyType: 'visitors' }
Taking a break...
5 seconds later...
{ 'Municipality/DMO': 'Pula',
  'What is your country and city of residence?': 'Italia',
  Postcode: '35142',
  City: 'Padova',
  Gender: 'Male',
  Age: '65 - 79',
  overnight: true,
  'how many nights': '14',
  'If No, how many hours': '',
  'did you from': '',
  Purpose: [ 'Holiday' ],
  'how many': [ 'Organized group' ],
  'primary transport': [ 'Airplane', 'Bus' ],
  'method transport here': [ 'Walk' ],
  'first time here': true,
  'If No, how many times': '',
  'When last visit': '',
  'Interesting Features': [ 'Scenery and countryside' ],
  'kind of accommodation': [ 'Hotel / Resort / Motel' ],
  'spend per day': '',
  expenses: 'Cheaper than planned',
  'disability or reduced mobility': true,
  'special needs': 'Strongly Disagree',
  'sustainability efforts': false,
  'initiatives aware': '',
  'Overall Satisfaction': 'Neither Agree Nor Disagree',
  'Disability considerations': 'Strongly Disagree',
  'Highest Degree': 'Secondary school completed',
  'Professional Status': 'Retired',
  'Annual Household': 'Medium (from 30.000 to 60.000 euros)',
  'did you from-Comment': '',
  'Purpose-Comment': '',
  'primary transport-Comment': '',
  'method transport here-Comment': '',
  'Interesting Features-Comment': '',
  'kind of accommodation-Comment': '',
  'Highest Degree-Comment': '',
  'Professional Status-Comment': '',
  SurveyType: 'visitors' }
{ 'Municipality/DMO': 'Pula',
  'What is your country and city of residence?': 'Italia',
  Postcode: '35142',
  City: 'Padova',
  Gender: 'Male',
  Age: '65 - 79',
  overnight: true,
  'how many nights': '14',
  'If No, how many hours': '',
  'did you from': '',
  Purpose: [ 'Holiday' ],
  'how many': [ 'Organized group' ],
  'primary transport': [ 'Airplane', 'Bus' ],
  'method transport here': [ 'Walk' ],
  'first time here': true,
  'If No, how many times': '',
  'When last visit': '',
  'Interesting Features': [ 'Scenery and countryside' ],
  'kind of accommodation': [ 'Hotel / Resort / Motel' ],
  'spend per day': '',
  expenses: 'Cheaper than planned',
  'disability or reduced mobility': true,
  'special needs': 'Strongly Disagree',
  'sustainability efforts': false,
  'initiatives aware': '',
  'Overall Satisfaction': 'Neither Agree Nor Disagree',
  'Disability considerations': 'Strongly Disagree',
  'Highest Degree': 'Secondary school completed',
  'Professional Status': 'Retired',
  'Annual Household': 'Medium (from 30.000 to 60.000 euros)',
  'did you from-Comment': '',
  'Purpose-Comment': '',
  'primary transport-Comment': '',
  'method transport here-Comment': '',
  'Interesting Features-Comment': '',
  'kind of accommodation-Comment': '',
  'Highest Degree-Comment': '',
  'Professional Status-Comment': '',
  SurveyType: 'visitors' }
Taking a break...
5 seconds later...
{ 'Municipality/DMO': 'Pula',
  'What is your country and city of residence?': 'Italia',
  Postcode: '34148',
  City: 'Trieste',
  Gender: 'Female',
  Age: '50 - 64',
  overnight: true,
  'how many nights': '8',
  'If No, how many hours': '',
  'did you from': '',
  Purpose: [ 'Holiday' ],
  'how many': [ 'With family' ],
  'primary transport': [ 'Airplane', 'Car', 'Hired' ],
  'method transport here': [ 'Car', 'Hired' ],
  'first time here': false,
  'If No, how many times': '2',
  'When last visit': 'Negli ultimi 12 mesi',
  'Interesting Features': 
   [ 'Peace and quiet',
     'Scenery and countryside',
     'Friendliness and hospitality of locals' ],
  'kind of accommodation': [ 'Rented house, flat, unit, etc.' ],
  'spend per day': '',
  expenses: 'Within what was planned',
  'disability or reduced mobility': false,
  'special needs': '',
  'sustainability efforts': false,
  'initiatives aware': '',
  'Overall Satisfaction': 'Agree',
  'Disability considerations': '',
  'Highest Degree': 'High school graduate',
  'Professional Status': 'Retired',
  'Annual Household': 'I prefer not to answer',
  'did you from-Comment': '',
  'Purpose-Comment': '',
  'primary transport-Comment': '',
  'method transport here-Comment': '',
  'Interesting Features-Comment': '',
  'kind of accommodation-Comment': '',
  'Highest Degree-Comment': '',
  'Professional Status-Comment': '',
  SurveyType: 'visitors' }
{ 'Municipality/DMO': 'Pula',
  'What is your country and city of residence?': 'Italia',
  Postcode: '34148',
  City: 'Trieste',
  Gender: 'Female',
  Age: '50 - 64',
  overnight: true,
  'how many nights': '8',
  'If No, how many hours': '',
  'did you from': '',
  Purpose: [ 'Holiday' ],
  'how many': [ 'With family' ],
  'primary transport': [ 'Airplane', 'Car', 'Hired' ],
  'method transport here': [ 'Car', 'Hired' ],
  'first time here': false,
  'If No, how many times': '2',
  'When last visit': 'Negli ultimi 12 mesi',
  'Interesting Features': 
   [ 'Peace and quiet',
     'Scenery and countryside',
     'Friendliness and hospitality of locals' ],
  'kind of accommodation': [ 'Rented house, flat, unit, etc.' ],
  'spend per day': '',
  expenses: 'Within what was planned',
  'disability or reduced mobility': false,
  'special needs': '',
  'sustainability efforts': false,
  'initiatives aware': '',
  'Overall Satisfaction': 'Agree',
  'Disability considerations': '',
  'Highest Degree': 'High school graduate',
  'Professional Status': 'Retired',
  'Annual Household': 'I prefer not to answer',
  'did you from-Comment': '',
  'Purpose-Comment': '',
  'primary transport-Comment': '',
  'method transport here-Comment': '',
  'Interesting Features-Comment': '',
  'kind of accommodation-Comment': '',
  'Highest Degree-Comment': '',
  'Professional Status-Comment': '',
  SurveyType: 'visitors' }
Taking a break...
5 seconds later...
{ 'Municipality/DMO': 'Pula',
  'What is your country and city of residence?': 'Italia',
  Postcode: '20141',
  City: 'Milano',
  Gender: 'Female',
  Age: '65 - 79',
  overnight: true,
  'how many nights': '10',
  'If No, how many hours': '',
  'did you from': '',
  Purpose: [ 'Holiday' ],
  'how many': [ 'With family' ],
  'primary transport': [ 'Airplane', 'Car', 'Hired' ],
  'method transport here': [ 'Car', 'Hired' ],
  'first time here': false,
  'If No, how many times': '10',
  'When last visit': 'Negli ultimi 12 mesi',
  'Interesting Features': [ 'Peace and quiet', 'Scenery and countryside' ],
  'kind of accommodation': [ 'Own property' ],
  'spend per day': '',
  expenses: 'Within what was planned',
  'disability or reduced mobility': false,
  'special needs': 'Strongly Disagree',
  'sustainability efforts': false,
  'initiatives aware': '',
  'Overall Satisfaction': 'Agree',
  'Disability considerations': 'Strongly Disagree',
  'Highest Degree': 'High school graduate',
  'Professional Status': 'Retired',
  'Annual Household': 'Medium (from 30.000 to 60.000 euros)',
  'did you from-Comment': '',
  'Purpose-Comment': '',
  'primary transport-Comment': '',
  'method transport here-Comment': '',
  'Interesting Features-Comment': '',
  'kind of accommodation-Comment': '',
  'Highest Degree-Comment': '',
  'Professional Status-Comment': '',
  SurveyType: 'visitors' }
{ 'Municipality/DMO': 'Pula',
  'What is your country and city of residence?': 'Italia',
  Postcode: '20141',
  City: 'Milano',
  Gender: 'Female',
  Age: '65 - 79',
  overnight: true,
  'how many nights': '10',
  'If No, how many hours': '',
  'did you from': '',
  Purpose: [ 'Holiday' ],
  'how many': [ 'With family' ],
  'primary transport': [ 'Airplane', 'Car', 'Hired' ],
  'method transport here': [ 'Car', 'Hired' ],
  'first time here': false,
  'If No, how many times': '10',
  'When last visit': 'Negli ultimi 12 mesi',
  'Interesting Features': [ 'Peace and quiet', 'Scenery and countryside' ],
  'kind of accommodation': [ 'Own property' ],
  'spend per day': '',
  expenses: 'Within what was planned',
  'disability or reduced mobility': false,
  'special needs': 'Strongly Disagree',
  'sustainability efforts': false,
  'initiatives aware': '',
  'Overall Satisfaction': 'Agree',
  'Disability considerations': 'Strongly Disagree',
  'Highest Degree': 'High school graduate',
  'Professional Status': 'Retired',
  'Annual Household': 'Medium (from 30.000 to 60.000 euros)',
  'did you from-Comment': '',
  'Purpose-Comment': '',
  'primary transport-Comment': '',
  'method transport here-Comment': '',
  'Interesting Features-Comment': '',
  'kind of accommodation-Comment': '',
  'Highest Degree-Comment': '',
  'Professional Status-Comment': '',
  SurveyType: 'visitors' }
Taking a break...
5 seconds later...
{ 'Municipality/DMO': 'Pula',
  'What is your country and city of residence?': 'italia',
  Postcode: '20098',
  City: 'milano',
  Gender: 'Male',
  Age: '65 - 79',
  overnight: true,
  'how many nights': '15',
  'If No, how many hours': '',
  'did you from': '',
  Purpose: [ 'Holiday' ],
  'how many': [ 'With friends' ],
  'primary transport': [ 'Airplane', 'Car', 'Own, friends, firm' ],
  'method transport here': [ 'Walk' ],
  'first time here': false,
  'If No, how many times': '3',
  'When last visit': 'Negli ultimi 12 mesi',
  'Interesting Features': [ 'Beach facilities', 'Peace and quiet' ],
  'kind of accommodation': [ 'Friend\'s / Relative\'s home' ],
  'spend per day': '',
  expenses: 'Within what was planned',
  'disability or reduced mobility': false,
  'special needs': 'Agree',
  'sustainability efforts': false,
  'initiatives aware': '',
  'Overall Satisfaction': 'Strongly agree',
  'Disability considerations': 'Agree',
  'Highest Degree': 'Secondary school completed',
  'Professional Status': 'Retired',
  'Annual Household': 'Medium (from 30.000 to 60.000 euros)',
  'did you from-Comment': '',
  'Purpose-Comment': '',
  'primary transport-Comment': '',
  'method transport here-Comment': '',
  'Interesting Features-Comment': '',
  'kind of accommodation-Comment': '',
  'Highest Degree-Comment': '',
  'Professional Status-Comment': '',
  SurveyType: 'visitors' }
{ 'Municipality/DMO': 'Pula',
  'What is your country and city of residence?': 'italia',
  Postcode: '20098',
  City: 'milano',
  Gender: 'Male',
  Age: '65 - 79',
  overnight: true,
  'how many nights': '15',
  'If No, how many hours': '',
  'did you from': '',
  Purpose: [ 'Holiday' ],
  'how many': [ 'With friends' ],
  'primary transport': [ 'Airplane', 'Car', 'Own, friends, firm' ],
  'method transport here': [ 'Walk' ],
  'first time here': false,
  'If No, how many times': '3',
  'When last visit': 'Negli ultimi 12 mesi',
  'Interesting Features': [ 'Beach facilities', 'Peace and quiet' ],
  'kind of accommodation': [ 'Friend\'s / Relative\'s home' ],
  'spend per day': '',
  expenses: 'Within what was planned',
  'disability or reduced mobility': false,
  'special needs': 'Agree',
  'sustainability efforts': false,
  'initiatives aware': '',
  'Overall Satisfaction': 'Strongly agree',
  'Disability considerations': 'Agree',
  'Highest Degree': 'Secondary school completed',
  'Professional Status': 'Retired',
  'Annual Household': 'Medium (from 30.000 to 60.000 euros)',
  'did you from-Comment': '',
  'Purpose-Comment': '',
  'primary transport-Comment': '',
  'method transport here-Comment': '',
  'Interesting Features-Comment': '',
  'kind of accommodation-Comment': '',
  'Highest Degree-Comment': '',
  'Professional Status-Comment': '',
  SurveyType: 'visitors' }
Taking a break...
5 seconds later...
{ 'Municipality/DMO': 'Pula',
  'What is your country and city of residence?': 'italia',
  Postcode: '09032',
  City: 'assemini',
  Gender: 'Male',
  Age: '50 - 64',
  overnight: false,
  'how many nights': '',
  'If No, how many hours': '7',
  'did you from': 'Da casa',
  Purpose: [ 'Holiday' ],
  'how many': [ 'With family' ],
  'primary transport': [ 'Car', 'Own, friends, firm' ],
  'method transport here': [ 'Car', 'Own, friends, firm' ],
  'first time here': false,
  'If No, how many times': '156',
  'When last visit': 'Negli ultimi 12 mesi',
  'Interesting Features': 
   [ 'Scenery and countryside',
     'Friendliness and hospitality of locals' ],
  'kind of accommodation': [],
  'spend per day': '25 - 50 EURO',
  expenses: 'Within what was planned',
  'disability or reduced mobility': false,
  'special needs': 'Strongly Disagree',
  'sustainability efforts': true,
  'initiatives aware': 'ha sentito dell\'intenzione del comune di fare una pista ciclabile ',
  'Overall Satisfaction': 'Agree',
  'Disability considerations': 'Strongly Disagree',
  'Highest Degree': 'High school graduate',
  'Professional Status': 'Full time employed for wages',
  'Annual Household': 'Low (under 30.000 euros)',
  'did you from-Comment': '',
  'Purpose-Comment': '',
  'primary transport-Comment': '',
  'method transport here-Comment': '',
  'Interesting Features-Comment': '',
  'kind of accommodation-Comment': '',
  'Highest Degree-Comment': '',
  'Professional Status-Comment': '',
  SurveyType: 'visitors' }
{ 'Municipality/DMO': 'Pula',
  'What is your country and city of residence?': 'italia',
  Postcode: '09032',
  City: 'assemini',
  Gender: 'Male',
  Age: '50 - 64',
  overnight: false,
  'how many nights': '',
  'If No, how many hours': '7',
  'did you from': 'Da casa',
  Purpose: [ 'Holiday' ],
  'how many': [ 'With family' ],
  'primary transport': [ 'Car', 'Own, friends, firm' ],
  'method transport here': [ 'Car', 'Own, friends, firm' ],
  'first time here': false,
  'If No, how many times': '156',
  'When last visit': 'Negli ultimi 12 mesi',
  'Interesting Features': 
   [ 'Scenery and countryside',
     'Friendliness and hospitality of locals' ],
  'kind of accommodation': [],
  'spend per day': '25 - 50 EURO',
  expenses: 'Within what was planned',
  'disability or reduced mobility': false,
  'special needs': 'Strongly Disagree',
  'sustainability efforts': true,
  'initiatives aware': 'ha sentito dell\'intenzione del comune di fare una pista ciclabile ',
  'Overall Satisfaction': 'Agree',
  'Disability considerations': 'Strongly Disagree',
  'Highest Degree': 'High school graduate',
  'Professional Status': 'Full time employed for wages',
  'Annual Household': 'Low (under 30.000 euros)',
  'did you from-Comment': '',
  'Purpose-Comment': '',
  'primary transport-Comment': '',
  'method transport here-Comment': '',
  'Interesting Features-Comment': '',
  'kind of accommodation-Comment': '',
  'Highest Degree-Comment': '',
  'Professional Status-Comment': '',
  SurveyType: 'visitors' }
Taking a break...
5 seconds later...
{ 'Municipality/DMO': 'Pula',
  'What is your country and city of residence?': 'Italia',
  Postcode: '09134',
  City: 'Pirri',
  Gender: 'Male',
  Age: '25 - 49',
  overnight: true,
  'how many nights': '7',
  'If No, how many hours': '',
  'did you from': '',
  Purpose: [ 'Holiday' ],
  'how many': [ 'With family' ],
  'primary transport': [ 'Car' ],
  'method transport here': [ 'Own, friends, firm' ],
  'first time here': false,
  'If No, how many times': '0',
  'When last visit': 'Più di 3 anni fa',
  'Interesting Features': [ 'Scenery and countryside' ],
  'kind of accommodation': [ 'Friend\'s / Relative\'s home' ],
  'spend per day': '< 25 EURO',
  expenses: 'Within what was planned',
  'disability or reduced mobility': false,
  'special needs': 'Agree',
  'sustainability efforts': false,
  'initiatives aware': '',
  'Overall Satisfaction': 'Moderately Agree',
  'Disability considerations': 'Agree',
  'Highest Degree': 'High school graduate',
  'Professional Status': 'Part-time employed for wages',
  'Annual Household': 'Low (under 30.000 euros)',
  'did you from-Comment': '',
  'Purpose-Comment': '',
  'primary transport-Comment': '',
  'method transport here-Comment': '',
  'Interesting Features-Comment': '',
  'kind of accommodation-Comment': '',
  'Highest Degree-Comment': '',
  'Professional Status-Comment': '',
  SurveyType: 'visitors' }
{ 'Municipality/DMO': 'Pula',
  'What is your country and city of residence?': 'Italia',
  Postcode: '09134',
  City: 'Pirri',
  Gender: 'Male',
  Age: '25 - 49',
  overnight: true,
  'how many nights': '7',
  'If No, how many hours': '',
  'did you from': '',
  Purpose: [ 'Holiday' ],
  'how many': [ 'With family' ],
  'primary transport': [ 'Car' ],
  'method transport here': [ 'Own, friends, firm' ],
  'first time here': false,
  'If No, how many times': '0',
  'When last visit': 'Più di 3 anni fa',
  'Interesting Features': [ 'Scenery and countryside' ],
  'kind of accommodation': [ 'Friend\'s / Relative\'s home' ],
  'spend per day': '< 25 EURO',
  expenses: 'Within what was planned',
  'disability or reduced mobility': false,
  'special needs': 'Agree',
  'sustainability efforts': false,
  'initiatives aware': '',
  'Overall Satisfaction': 'Moderately Agree',
  'Disability considerations': 'Agree',
  'Highest Degree': 'High school graduate',
  'Professional Status': 'Part-time employed for wages',
  'Annual Household': 'Low (under 30.000 euros)',
  'did you from-Comment': '',
  'Purpose-Comment': '',
  'primary transport-Comment': '',
  'method transport here-Comment': '',
  'Interesting Features-Comment': '',
  'kind of accommodation-Comment': '',
  'Highest Degree-Comment': '',
  'Professional Status-Comment': '',
  SurveyType: 'visitors' }
Taking a break...
5 seconds later...
{ 'Municipality/DMO': 'Pula',
  'What is your country and city of residence?': 'Italia',
  Postcode: '20127',
  City: 'Milano',
  Gender: 'Female',
  Age: '25 - 49',
  overnight: true,
  'how many nights': '10',
  'If No, how many hours': '',
  'did you from': '',
  Purpose: [ 'Holiday' ],
  'how many': [ 'With family' ],
  'primary transport': [ 'Airplane' ],
  'method transport here': [ 'Car' ],
  'first time here': false,
  'If No, how many times': '1',
  'When last visit': 'Negli ultimi 12 mesi',
  'Interesting Features': [ 'Peace and quiet', 'Scenery and countryside' ],
  'kind of accommodation': [ 'Friend\'s / Relative\'s home' ],
  'spend per day': '25 - 50 EURO',
  expenses: 'Within what was planned',
  'disability or reduced mobility': false,
  'special needs': '',
  'sustainability efforts': '',
  'initiatives aware': '',
  'Overall Satisfaction': 'Strongly agree',
  'Disability considerations': '',
  'Highest Degree': 'High school graduate',
  'Professional Status': 'Self-employed',
  'Annual Household': 'High (over 60.000 euros)',
  'did you from-Comment': '',
  'Purpose-Comment': '',
  'primary transport-Comment': '',
  'method transport here-Comment': '',
  'Interesting Features-Comment': '',
  'kind of accommodation-Comment': '',
  'Highest Degree-Comment': '',
  'Professional Status-Comment': '',
  SurveyType: 'visitors' }
{ 'Municipality/DMO': 'Pula',
  'What is your country and city of residence?': 'Italia',
  Postcode: '20127',
  City: 'Milano',
  Gender: 'Female',
  Age: '25 - 49',
  overnight: true,
  'how many nights': '10',
  'If No, how many hours': '',
  'did you from': '',
  Purpose: [ 'Holiday' ],
  'how many': [ 'With family' ],
  'primary transport': [ 'Airplane' ],
  'method transport here': [ 'Car' ],
  'first time here': false,
  'If No, how many times': '1',
  'When last visit': 'Negli ultimi 12 mesi',
  'Interesting Features': [ 'Peace and quiet', 'Scenery and countryside' ],
  'kind of accommodation': [ 'Friend\'s / Relative\'s home' ],
  'spend per day': '25 - 50 EURO',
  expenses: 'Within what was planned',
  'disability or reduced mobility': false,
  'special needs': '',
  'sustainability efforts': '',
  'initiatives aware': '',
  'Overall Satisfaction': 'Strongly agree',
  'Disability considerations': '',
  'Highest Degree': 'High school graduate',
  'Professional Status': 'Self-employed',
  'Annual Household': 'High (over 60.000 euros)',
  'did you from-Comment': '',
  'Purpose-Comment': '',
  'primary transport-Comment': '',
  'method transport here-Comment': '',
  'Interesting Features-Comment': '',
  'kind of accommodation-Comment': '',
  'Highest Degree-Comment': '',
  'Professional Status-Comment': '',
  SurveyType: 'visitors' }
