Inside data iteration
Taking a break...
5 seconds later...
{ 'Municipality/DMO': 'Pula',
  'What is your country and city of residence?': 'Italia',
  Postcode: '20147',
  City: 'Milano',
  Gender: 'Female',
  Age: '25 - 49',
  overnight: true,
  'how many nights': '7',
  'If No, how many hours': '',
  'did you from': '',
  Purpose: [ 'Holiday' ],
  'how many': [ 'With family' ],
  'primary transport': [ 'Airplane' ],
  'method transport here': [ 'Bus' ],
  'first time here': false,
  'If No, how many times': '2',
  'When last visit': 'Più di 3 anni fa',
  'Interesting Features': 
   [ 'Beach facilities',
     'Accessibility',
     'Peace and quiet',
     'Entertainment and recreation activities',
     'Scenery and countryside' ],
  'kind of accommodation': [ 'Friend\'s / Relative\'s home' ],
  'spend per day': '< 25 EURO',
  expenses: 'Within what was planned',
  'disability or reduced mobility': false,
  'special needs': '',
  'sustainability efforts': '',
  'initiatives aware': '',
  'Overall Satisfaction': 'Strongly agree',
  'Disability considerations': '',
  'Highest Degree': 'Master’s degree',
  'Professional Status': 'Full time employed for wages',
  'Annual Household': 'Medium (from 30.000 to 60.000 euros)',
  'did you from-Comment': '',
  'Purpose-Comment': '',
  'primary transport-Comment': '',
  'method transport here-Comment': '',
  'Interesting Features-Comment': '',
  'kind of accommodation-Comment': '',
  'Highest Degree-Comment': '',
  'Professional Status-Comment': '',
  SurveyType: 'visitors' }
{ 'Municipality/DMO': 'Pula',
  'What is your country and city of residence?': 'Italia',
  Postcode: '20147',
  City: 'Milano',
  Gender: 'Female',
  Age: '25 - 49',
  overnight: true,
  'how many nights': '7',
  'If No, how many hours': '',
  'did you from': '',
  Purpose: [ 'Holiday' ],
  'how many': [ 'With family' ],
  'primary transport': [ 'Airplane' ],
  'method transport here': [ 'Bus' ],
  'first time here': false,
  'If No, how many times': '2',
  'When last visit': 'Più di 3 anni fa',
  'Interesting Features': 
   [ 'Beach facilities',
     'Accessibility',
     'Peace and quiet',
     'Entertainment and recreation activities',
     'Scenery and countryside' ],
  'kind of accommodation': [ 'Friend\'s / Relative\'s home' ],
  'spend per day': '< 25 EURO',
  expenses: 'Within what was planned',
  'disability or reduced mobility': false,
  'special needs': '',
  'sustainability efforts': '',
  'initiatives aware': '',
  'Overall Satisfaction': 'Strongly agree',
  'Disability considerations': '',
  'Highest Degree': 'Master’s degree',
  'Professional Status': 'Full time employed for wages',
  'Annual Household': 'Medium (from 30.000 to 60.000 euros)',
  'did you from-Comment': '',
  'Purpose-Comment': '',
  'primary transport-Comment': '',
  'method transport here-Comment': '',
  'Interesting Features-Comment': '',
  'kind of accommodation-Comment': '',
  'Highest Degree-Comment': '',
  'Professional Status-Comment': '',
  SurveyType: 'visitors' }
Taking a break...
5 seconds later...
{ 'Municipality/DMO': 'Pula',
  'What is your country and city of residence?': 'Italia',
  Postcode: '00136',
  City: 'Roma',
  Gender: 'Female',
  Age: '65 - 79',
  overnight: true,
  'how many nights': '120',
  'If No, how many hours': '',
  'did you from': '',
  Purpose: [ 'Holiday' ],
  'how many': [ 'With family' ],
  'primary transport': [ 'Airplane' ],
  'method transport here': [ 'Own, friends, firm' ],
  'first time here': false,
  'If No, how many times': '',
  'When last visit': 'Negli ultimi 12 mesi',
  'Interesting Features': [ 'Peace and quiet', 'Scenery and countryside' ],
  'kind of accommodation': [ 'Own property' ],
  'spend per day': '< 25 EURO',
  expenses: 'Within what was planned',
  'disability or reduced mobility': false,
  'special needs': 'Strongly Disagree',
  'sustainability efforts': true,
  'initiatives aware': '“Cercano di inquinarlo.. hanno rovinato il paesaggio.. e’ fortemente commoditicato.. non ci sono piu i gigli di mare e le dune.. non è piu la santa margherita di un tempo”',
  'Overall Satisfaction': 'Strongly agree',
  'Disability considerations': 'Strongly Disagree',
  'Highest Degree': 'Master’s degree',
  'Professional Status': 'Retired',
  'Annual Household': 'Medium (from 30.000 to 60.000 euros)',
  'did you from-Comment': '',
  'Purpose-Comment': '',
  'primary transport-Comment': '',
  'method transport here-Comment': '',
  'Interesting Features-Comment': '',
  'kind of accommodation-Comment': '',
  'Highest Degree-Comment': '',
  'Professional Status-Comment': '',
  SurveyType: 'visitors' }
{ 'Municipality/DMO': 'Pula',
  'What is your country and city of residence?': 'Italia',
  Postcode: '00136',
  City: 'Roma',
  Gender: 'Female',
  Age: '65 - 79',
  overnight: true,
  'how many nights': '120',
  'If No, how many hours': '',
  'did you from': '',
  Purpose: [ 'Holiday' ],
  'how many': [ 'With family' ],
  'primary transport': [ 'Airplane' ],
  'method transport here': [ 'Own, friends, firm' ],
  'first time here': false,
  'If No, how many times': '',
  'When last visit': 'Negli ultimi 12 mesi',
  'Interesting Features': [ 'Peace and quiet', 'Scenery and countryside' ],
  'kind of accommodation': [ 'Own property' ],
  'spend per day': '< 25 EURO',
  expenses: 'Within what was planned',
  'disability or reduced mobility': false,
  'special needs': 'Strongly Disagree',
  'sustainability efforts': true,
  'initiatives aware': '“Cercano di inquinarlo.. hanno rovinato il paesaggio.. e’ fortemente commoditicato.. non ci sono piu i gigli di mare e le dune.. non è piu la santa margherita di un tempo”',
  'Overall Satisfaction': 'Strongly agree',
  'Disability considerations': 'Strongly Disagree',
  'Highest Degree': 'Master’s degree',
  'Professional Status': 'Retired',
  'Annual Household': 'Medium (from 30.000 to 60.000 euros)',
  'did you from-Comment': '',
  'Purpose-Comment': '',
  'primary transport-Comment': '',
  'method transport here-Comment': '',
  'Interesting Features-Comment': '',
  'kind of accommodation-Comment': '',
  'Highest Degree-Comment': '',
  'Professional Status-Comment': '',
  SurveyType: 'visitors' }
Taking a break...
5 seconds later...
{ 'Municipality/DMO': 'Pula',
  'What is your country and city of residence?': 'Italia',
  Postcode: '09018',
  City: 'Sarroch',
  Gender: 'Female',
  Age: '25 - 49',
  overnight: false,
  'how many nights': '',
  'If No, how many hours': '',
  'did you from': 'Da casa',
  Purpose: [ 'Holiday' ],
  'how many': [ 'Alone' ],
  'primary transport': [ 'Car' ],
  'method transport here': [ 'Own, friends, firm' ],
  'first time here': false,
  'If No, how many times': '50',
  'When last visit': 'Negli ultimi 12 mesi',
  'Interesting Features': [ 'Accessibility', 'Scenery and countryside' ],
  'kind of accommodation': [],
  'spend per day': '< 25 EURO',
  expenses: 'Within what was planned',
  'disability or reduced mobility': false,
  'special needs': 'Disagree',
  'sustainability efforts': true,
  'initiatives aware': '“ devono fare di piu... comunque pulizia per la spiaggia”',
  'Overall Satisfaction': 'Strongly agree',
  'Disability considerations': 'Disagree',
  'Highest Degree': 'High school graduate',
  'Professional Status': 'Unemployed',
  'Annual Household': 'Low (under 30.000 euros)',
  'did you from-Comment': '',
  'Purpose-Comment': '',
  'primary transport-Comment': '',
  'method transport here-Comment': '',
  'Interesting Features-Comment': '',
  'kind of accommodation-Comment': '',
  'Highest Degree-Comment': '',
  'Professional Status-Comment': '',
  SurveyType: 'visitors' }
{ 'Municipality/DMO': 'Pula',
  'What is your country and city of residence?': 'Italia',
  Postcode: '09018',
  City: 'Sarroch',
  Gender: 'Female',
  Age: '25 - 49',
  overnight: false,
  'how many nights': '',
  'If No, how many hours': '',
  'did you from': 'Da casa',
  Purpose: [ 'Holiday' ],
  'how many': [ 'Alone' ],
  'primary transport': [ 'Car' ],
  'method transport here': [ 'Own, friends, firm' ],
  'first time here': false,
  'If No, how many times': '50',
  'When last visit': 'Negli ultimi 12 mesi',
  'Interesting Features': [ 'Accessibility', 'Scenery and countryside' ],
  'kind of accommodation': [],
  'spend per day': '< 25 EURO',
  expenses: 'Within what was planned',
  'disability or reduced mobility': false,
  'special needs': 'Disagree',
  'sustainability efforts': true,
  'initiatives aware': '“ devono fare di piu... comunque pulizia per la spiaggia”',
  'Overall Satisfaction': 'Strongly agree',
  'Disability considerations': 'Disagree',
  'Highest Degree': 'High school graduate',
  'Professional Status': 'Unemployed',
  'Annual Household': 'Low (under 30.000 euros)',
  'did you from-Comment': '',
  'Purpose-Comment': '',
  'primary transport-Comment': '',
  'method transport here-Comment': '',
  'Interesting Features-Comment': '',
  'kind of accommodation-Comment': '',
  'Highest Degree-Comment': '',
  'Professional Status-Comment': '',
  SurveyType: 'visitors' }
Taking a break...
5 seconds later...
{ 'Municipality/DMO': 'Pula',
  'What is your country and city of residence?': 'Italia',
  Postcode: '00166',
  City: 'Roma',
  Gender: 'Female',
  Age: '25 - 49',
  overnight: true,
  'how many nights': '7',
  'If No, how many hours': '',
  'did you from': '',
  Purpose: [ 'Holiday' ],
  'how many': [ 'With friends' ],
  'primary transport': [ 'Airplane' ],
  'method transport here': [ 'Car' ],
  'first time here': true,
  'If No, how many times': '',
  'When last visit': '',
  'Interesting Features': [ 'Scenery and countryside' ],
  'kind of accommodation': [ 'Rented house, flat, unit, etc.' ],
  'spend per day': '25 - 50 EURO',
  expenses: 'Within what was planned',
  'disability or reduced mobility': false,
  'special needs': 'Disagree',
  'sustainability efforts': false,
  'initiatives aware': '',
  'Overall Satisfaction': 'Strongly agree',
  'Disability considerations': 'Disagree',
  'Highest Degree': 'Master’s degree',
  'Professional Status': 'Full time employed for wages',
  'Annual Household': 'Medium (from 30.000 to 60.000 euros)',
  'did you from-Comment': '',
  'Purpose-Comment': '',
  'primary transport-Comment': '',
  'method transport here-Comment': '',
  'Interesting Features-Comment': '',
  'kind of accommodation-Comment': '',
  'Highest Degree-Comment': '',
  'Professional Status-Comment': '',
  SurveyType: 'visitors' }
{ 'Municipality/DMO': 'Pula',
  'What is your country and city of residence?': 'Italia',
  Postcode: '00166',
  City: 'Roma',
  Gender: 'Female',
  Age: '25 - 49',
  overnight: true,
  'how many nights': '7',
  'If No, how many hours': '',
  'did you from': '',
  Purpose: [ 'Holiday' ],
  'how many': [ 'With friends' ],
  'primary transport': [ 'Airplane' ],
  'method transport here': [ 'Car' ],
  'first time here': true,
  'If No, how many times': '',
  'When last visit': '',
  'Interesting Features': [ 'Scenery and countryside' ],
  'kind of accommodation': [ 'Rented house, flat, unit, etc.' ],
  'spend per day': '25 - 50 EURO',
  expenses: 'Within what was planned',
  'disability or reduced mobility': false,
  'special needs': 'Disagree',
  'sustainability efforts': false,
  'initiatives aware': '',
  'Overall Satisfaction': 'Strongly agree',
  'Disability considerations': 'Disagree',
  'Highest Degree': 'Master’s degree',
  'Professional Status': 'Full time employed for wages',
  'Annual Household': 'Medium (from 30.000 to 60.000 euros)',
  'did you from-Comment': '',
  'Purpose-Comment': '',
  'primary transport-Comment': '',
  'method transport here-Comment': '',
  'Interesting Features-Comment': '',
  'kind of accommodation-Comment': '',
  'Highest Degree-Comment': '',
  'Professional Status-Comment': '',
  SurveyType: 'visitors' }
Taking a break...
5 seconds later...
{ 'Municipality/DMO': 'Pula',
  'What is your country and city of residence?': 'Italia',
  Postcode: '80035',
  City: 'Napoli',
  Gender: 'Female',
  Age: '25 - 49',
  overnight: true,
  'how many nights': '7',
  'If No, how many hours': '',
  'did you from': '',
  Purpose: [ 'Holiday' ],
  'how many': [ 'With family' ],
  'primary transport': [ 'Airplane' ],
  'method transport here': [ 'Car' ],
  'first time here': false,
  'If No, how many times': '5',
  'When last visit': 'Negli ultimi 12 mesi',
  'Interesting Features': 
   [ 'Beach facilities',
     'Accessibility',
     'Peace and quiet',
     'Scenery and countryside' ],
  'kind of accommodation': [ 'Rented house, flat, unit, etc.' ],
  'spend per day': '< 25 EURO',
  expenses: 'Within what was planned',
  'disability or reduced mobility': false,
  'special needs': 'Disagree',
  'sustainability efforts': false,
  'initiatives aware': '',
  'Overall Satisfaction': 'Strongly agree',
  'Disability considerations': 'Disagree',
  'Highest Degree': 'Master’s degree',
  'Professional Status': 'Full time employed for wages',
  'Annual Household': 'Medium (from 30.000 to 60.000 euros)',
  'did you from-Comment': '',
  'Purpose-Comment': '',
  'primary transport-Comment': '',
  'method transport here-Comment': '',
  'Interesting Features-Comment': '',
  'kind of accommodation-Comment': '',
  'Highest Degree-Comment': '',
  'Professional Status-Comment': '',
  SurveyType: 'visitors' }
{ 'Municipality/DMO': 'Pula',
  'What is your country and city of residence?': 'Italia',
  Postcode: '80035',
  City: 'Napoli',
  Gender: 'Female',
  Age: '25 - 49',
  overnight: true,
  'how many nights': '7',
  'If No, how many hours': '',
  'did you from': '',
  Purpose: [ 'Holiday' ],
  'how many': [ 'With family' ],
  'primary transport': [ 'Airplane' ],
  'method transport here': [ 'Car' ],
  'first time here': false,
  'If No, how many times': '5',
  'When last visit': 'Negli ultimi 12 mesi',
  'Interesting Features': 
   [ 'Beach facilities',
     'Accessibility',
     'Peace and quiet',
     'Scenery and countryside' ],
  'kind of accommodation': [ 'Rented house, flat, unit, etc.' ],
  'spend per day': '< 25 EURO',
  expenses: 'Within what was planned',
  'disability or reduced mobility': false,
  'special needs': 'Disagree',
  'sustainability efforts': false,
  'initiatives aware': '',
  'Overall Satisfaction': 'Strongly agree',
  'Disability considerations': 'Disagree',
  'Highest Degree': 'Master’s degree',
  'Professional Status': 'Full time employed for wages',
  'Annual Household': 'Medium (from 30.000 to 60.000 euros)',
  'did you from-Comment': '',
  'Purpose-Comment': '',
  'primary transport-Comment': '',
  'method transport here-Comment': '',
  'Interesting Features-Comment': '',
  'kind of accommodation-Comment': '',
  'Highest Degree-Comment': '',
  'Professional Status-Comment': '',
  SurveyType: 'visitors' }
Taking a break...
5 seconds later...
{ 'Municipality/DMO': 'Pula',
  'What is your country and city of residence?': 'Italia',
  Postcode: '20099',
  City: 'Milano',
  Gender: 'Male',
  Age: '65 - 79',
  overnight: true,
  'how many nights': '7',
  'If No, how many hours': '',
  'did you from': '',
  Purpose: [ 'Holiday' ],
  'how many': [ 'With family' ],
  'primary transport': [ 'Airplane' ],
  'method transport here': [ 'Own, friends, firm' ],
  'first time here': false,
  'If No, how many times': '',
  'When last visit': 'Più di 3 anni fa',
  'Interesting Features': [ 'Peace and quiet', 'Scenery and countryside' ],
  'kind of accommodation': [ 'Own property' ],
  'spend per day': '< 25 EURO',
  expenses: 'Within what was planned',
  'disability or reduced mobility': false,
  'special needs': 'Disagree',
  'sustainability efforts': false,
  'initiatives aware': '',
  'Overall Satisfaction': 'Strongly agree',
  'Disability considerations': 'Disagree',
  'Highest Degree': 'High school graduate',
  'Professional Status': 'Retired',
  'Annual Household': 'Medium (from 30.000 to 60.000 euros)',
  'did you from-Comment': '',
  'Purpose-Comment': '',
  'primary transport-Comment': '',
  'method transport here-Comment': '',
  'Interesting Features-Comment': '',
  'kind of accommodation-Comment': '',
  'Highest Degree-Comment': '',
  'Professional Status-Comment': '',
  SurveyType: 'visitors' }
{ 'Municipality/DMO': 'Pula',
  'What is your country and city of residence?': 'Italia',
  Postcode: '20099',
  City: 'Milano',
  Gender: 'Male',
  Age: '65 - 79',
  overnight: true,
  'how many nights': '7',
  'If No, how many hours': '',
  'did you from': '',
  Purpose: [ 'Holiday' ],
  'how many': [ 'With family' ],
  'primary transport': [ 'Airplane' ],
  'method transport here': [ 'Own, friends, firm' ],
  'first time here': false,
  'If No, how many times': '',
  'When last visit': 'Più di 3 anni fa',
  'Interesting Features': [ 'Peace and quiet', 'Scenery and countryside' ],
  'kind of accommodation': [ 'Own property' ],
  'spend per day': '< 25 EURO',
  expenses: 'Within what was planned',
  'disability or reduced mobility': false,
  'special needs': 'Disagree',
  'sustainability efforts': false,
  'initiatives aware': '',
  'Overall Satisfaction': 'Strongly agree',
  'Disability considerations': 'Disagree',
  'Highest Degree': 'High school graduate',
  'Professional Status': 'Retired',
  'Annual Household': 'Medium (from 30.000 to 60.000 euros)',
  'did you from-Comment': '',
  'Purpose-Comment': '',
  'primary transport-Comment': '',
  'method transport here-Comment': '',
  'Interesting Features-Comment': '',
  'kind of accommodation-Comment': '',
  'Highest Degree-Comment': '',
  'Professional Status-Comment': '',
  SurveyType: 'visitors' }
Taking a break...
5 seconds later...
{ 'Municipality/DMO': 'Pula',
  'What is your country and city of residence?': 'Italia',
  Postcode: '20122',
  City: 'Milano',
  Gender: 'Female',
  Age: '65 - 79',
  overnight: true,
  'how many nights': '30',
  'If No, how many hours': '',
  'did you from': '',
  Purpose: [ 'Holiday' ],
  'how many': [ 'With family' ],
  'primary transport': [ 'Airplane' ],
  'method transport here': [ 'Car' ],
  'first time here': false,
  'If No, how many times': '100',
  'When last visit': 'Negli ultimi 12 mesi',
  'Interesting Features': [ 'Scenery and countryside' ],
  'kind of accommodation': [ 'Own property' ],
  'spend per day': '< 25 EURO',
  expenses: 'Cheaper than planned',
  'disability or reduced mobility': true,
  'special needs': 'Disagree',
  'sustainability efforts': true,
  'initiatives aware': 'Pulizia spiaggia ma sono molto lenti nel pulirla e’ sporca da 10 giorni',
  'Overall Satisfaction': 'Strongly agree',
  'Disability considerations': 'Disagree',
  'Highest Degree': 'High school graduate',
  'Professional Status': 'Retired',
  'Annual Household': 'High (over 60.000 euros)',
  'did you from-Comment': '',
  'Purpose-Comment': '',
  'primary transport-Comment': '',
  'method transport here-Comment': '',
  'Interesting Features-Comment': '',
  'kind of accommodation-Comment': '',
  'Highest Degree-Comment': '',
  'Professional Status-Comment': '',
  SurveyType: 'visitors' }
{ 'Municipality/DMO': 'Pula',
  'What is your country and city of residence?': 'Italia',
  Postcode: '20122',
  City: 'Milano',
  Gender: 'Female',
  Age: '65 - 79',
  overnight: true,
  'how many nights': '30',
  'If No, how many hours': '',
  'did you from': '',
  Purpose: [ 'Holiday' ],
  'how many': [ 'With family' ],
  'primary transport': [ 'Airplane' ],
  'method transport here': [ 'Car' ],
  'first time here': false,
  'If No, how many times': '100',
  'When last visit': 'Negli ultimi 12 mesi',
  'Interesting Features': [ 'Scenery and countryside' ],
  'kind of accommodation': [ 'Own property' ],
  'spend per day': '< 25 EURO',
  expenses: 'Cheaper than planned',
  'disability or reduced mobility': true,
  'special needs': 'Disagree',
  'sustainability efforts': true,
  'initiatives aware': 'Pulizia spiaggia ma sono molto lenti nel pulirla e’ sporca da 10 giorni',
  'Overall Satisfaction': 'Strongly agree',
  'Disability considerations': 'Disagree',
  'Highest Degree': 'High school graduate',
  'Professional Status': 'Retired',
  'Annual Household': 'High (over 60.000 euros)',
  'did you from-Comment': '',
  'Purpose-Comment': '',
  'primary transport-Comment': '',
  'method transport here-Comment': '',
  'Interesting Features-Comment': '',
  'kind of accommodation-Comment': '',
  'Highest Degree-Comment': '',
  'Professional Status-Comment': '',
  SurveyType: 'visitors' }
Taking a break...
5 seconds later...
{ 'Municipality/DMO': 'Pula',
  'What is your country and city of residence?': 'Italia',
  Postcode: '09045',
  City: 'Quartu',
  Gender: 'Female',
  Age: '15 - 24',
  overnight: false,
  'how many nights': '',
  'If No, how many hours': '7',
  'did you from': 'Da casa',
  Purpose: [ 'Holiday' ],
  'how many': [ 'With family' ],
  'primary transport': [ 'Own, friends, firm' ],
  'method transport here': [ 'Car' ],
  'first time here': false,
  'If No, how many times': '30',
  'When last visit': 'Negli ultimi 12 mesi',
  'Interesting Features': [ 'Accessibility', 'Peace and quiet', 'Scenery and countryside' ],
  'kind of accommodation': [],
  'spend per day': '< 25 EURO',
  expenses: 'Cheaper than planned',
  'disability or reduced mobility': false,
  'special needs': 'Neutral',
  'sustainability efforts': false,
  'initiatives aware': '',
  'Overall Satisfaction': 'Strongly agree',
  'Disability considerations': 'Neither Agree Nor Disagree',
  'Highest Degree': 'Vocational schools',
  'Professional Status': 'Unemployed',
  'Annual Household': 'Low (under 30.000 euros)',
  'did you from-Comment': '',
  'Purpose-Comment': '',
  'primary transport-Comment': '',
  'method transport here-Comment': '',
  'Interesting Features-Comment': '',
  'kind of accommodation-Comment': '',
  'Highest Degree-Comment': '',
  'Professional Status-Comment': '',
  SurveyType: 'visitors' }
{ 'Municipality/DMO': 'Pula',
  'What is your country and city of residence?': 'Italia',
  Postcode: '09045',
  City: 'Quartu',
  Gender: 'Female',
  Age: '15 - 24',
  overnight: false,
  'how many nights': '',
  'If No, how many hours': '7',
  'did you from': 'Da casa',
  Purpose: [ 'Holiday' ],
  'how many': [ 'With family' ],
  'primary transport': [ 'Own, friends, firm' ],
  'method transport here': [ 'Car' ],
  'first time here': false,
  'If No, how many times': '30',
  'When last visit': 'Negli ultimi 12 mesi',
  'Interesting Features': [ 'Accessibility', 'Peace and quiet', 'Scenery and countryside' ],
  'kind of accommodation': [],
  'spend per day': '< 25 EURO',
  expenses: 'Cheaper than planned',
  'disability or reduced mobility': false,
  'special needs': 'Neutral',
  'sustainability efforts': false,
  'initiatives aware': '',
  'Overall Satisfaction': 'Strongly agree',
  'Disability considerations': 'Neither Agree Nor Disagree',
  'Highest Degree': 'Vocational schools',
  'Professional Status': 'Unemployed',
  'Annual Household': 'Low (under 30.000 euros)',
  'did you from-Comment': '',
  'Purpose-Comment': '',
  'primary transport-Comment': '',
  'method transport here-Comment': '',
  'Interesting Features-Comment': '',
  'kind of accommodation-Comment': '',
  'Highest Degree-Comment': '',
  'Professional Status-Comment': '',
  SurveyType: 'visitors' }
Taking a break...
5 seconds later...
{ 'Municipality/DMO': 'Pula',
  'What is your country and city of residence?': 'belgium',
  Postcode: '1000',
  City: 'bruxelles',
  Gender: 'Other',
  Age: '25 - 49',
  overnight: true,
  'how many nights': '5',
  'If No, how many hours': '',
  'did you from': '',
  Purpose: 
   [ 'Holiday',
     'Visiting relatives and friends',
     'Work or business purposes' ],
  'how many': [ 'Organized group' ],
  'primary transport': [ 'Airplane' ],
  'method transport here': [ 'Car', 'Hired' ],
  'first time here': true,
  'If No, how many times': '',
  'When last visit': '',
  'Interesting Features': 
   [ 'Beach facilities',
     'Historic interest',
     'Entertainment and recreation activities' ],
  'kind of accommodation': [ 'Rented house, flat, unit, etc.' ],
  'spend per day': '',
  expenses: 'Within what was planned',
  'disability or reduced mobility': false,
  'special needs': 'Strongly agree',
  'sustainability efforts': false,
  'initiatives aware': '',
  'Overall Satisfaction': 'Strongly agree',
  'Disability considerations': 'Strongly agree',
  'Highest Degree': 'High school graduate',
  'Professional Status': 'Full time employed for wages',
  'Annual Household': 'Low (under 30.000 euros)',
  'did you from-Comment': '',
  'Purpose-Comment': '',
  'primary transport-Comment': '',
  'method transport here-Comment': '',
  'Interesting Features-Comment': '',
  'kind of accommodation-Comment': '',
  'Highest Degree-Comment': '',
  'Professional Status-Comment': '',
  SurveyType: 'visitors' }
{ 'Municipality/DMO': 'Pula',
  'What is your country and city of residence?': 'belgium',
  Postcode: '1000',
  City: 'bruxelles',
  Gender: 'Other',
  Age: '25 - 49',
  overnight: true,
  'how many nights': '5',
  'If No, how many hours': '',
  'did you from': '',
  Purpose: 
   [ 'Holiday',
     'Visiting relatives and friends',
     'Work or business purposes' ],
  'how many': [ 'Organized group' ],
  'primary transport': [ 'Airplane' ],
  'method transport here': [ 'Car', 'Hired' ],
  'first time here': true,
  'If No, how many times': '',
  'When last visit': '',
  'Interesting Features': 
   [ 'Beach facilities',
     'Historic interest',
     'Entertainment and recreation activities' ],
  'kind of accommodation': [ 'Rented house, flat, unit, etc.' ],
  'spend per day': '',
  expenses: 'Within what was planned',
  'disability or reduced mobility': false,
  'special needs': 'Strongly agree',
  'sustainability efforts': false,
  'initiatives aware': '',
  'Overall Satisfaction': 'Strongly agree',
  'Disability considerations': 'Strongly agree',
  'Highest Degree': 'High school graduate',
  'Professional Status': 'Full time employed for wages',
  'Annual Household': 'Low (under 30.000 euros)',
  'did you from-Comment': '',
  'Purpose-Comment': '',
  'primary transport-Comment': '',
  'method transport here-Comment': '',
  'Interesting Features-Comment': '',
  'kind of accommodation-Comment': '',
  'Highest Degree-Comment': '',
  'Professional Status-Comment': '',
  SurveyType: 'visitors' }
Taking a break...
5 seconds later...
{ 'Municipality/DMO': 'Pula',
  'What is your country and city of residence?': 'spain',
  Postcode: '08020',
  City: '',
  Gender: 'Other',
  Age: '25 - 49',
  overnight: false,
  'how many nights': '',
  'If No, how many hours': '4',
  'did you from': 'Da casa',
  Purpose: [ 'Holiday' ],
  'how many': [ 'Alone' ],
  'primary transport': [ 'Airplane' ],
  'method transport here': [ 'Bus' ],
  'first time here': true,
  'If No, how many times': '',
  'When last visit': '',
  'Interesting Features': [ 'Beach facilities' ],
  'kind of accommodation': [],
  'spend per day': '100 - 150 EURO',
  expenses: 'Higher than planned',
  'disability or reduced mobility': false,
  'special needs': 'Disagree',
  'sustainability efforts': false,
  'initiatives aware': '',
  'Overall Satisfaction': 'Agree',
  'Disability considerations': 'Disagree',
  'Highest Degree': 'High school graduate',
  'Professional Status': 'Full time employed for wages',
  'Annual Household': 'Low (under 30.000 euros)',
  'did you from-Comment': '',
  'Purpose-Comment': '',
  'primary transport-Comment': '',
  'method transport here-Comment': '',
  'Interesting Features-Comment': '',
  'kind of accommodation-Comment': '',
  'Highest Degree-Comment': '',
  'Professional Status-Comment': '',
  SurveyType: 'visitors' }
{ 'Municipality/DMO': 'Pula',
  'What is your country and city of residence?': 'spain',
  Postcode: '08020',
  City: '',
  Gender: 'Other',
  Age: '25 - 49',
  overnight: false,
  'how many nights': '',
  'If No, how many hours': '4',
  'did you from': 'Da casa',
  Purpose: [ 'Holiday' ],
  'how many': [ 'Alone' ],
  'primary transport': [ 'Airplane' ],
  'method transport here': [ 'Bus' ],
  'first time here': true,
  'If No, how many times': '',
  'When last visit': '',
  'Interesting Features': [ 'Beach facilities' ],
  'kind of accommodation': [],
  'spend per day': '100 - 150 EURO',
  expenses: 'Higher than planned',
  'disability or reduced mobility': false,
  'special needs': 'Disagree',
  'sustainability efforts': false,
  'initiatives aware': '',
  'Overall Satisfaction': 'Agree',
  'Disability considerations': 'Disagree',
  'Highest Degree': 'High school graduate',
  'Professional Status': 'Full time employed for wages',
  'Annual Household': 'Low (under 30.000 euros)',
  'did you from-Comment': '',
  'Purpose-Comment': '',
  'primary transport-Comment': '',
  'method transport here-Comment': '',
  'Interesting Features-Comment': '',
  'kind of accommodation-Comment': '',
  'Highest Degree-Comment': '',
  'Professional Status-Comment': '',
  SurveyType: 'visitors' }
Taking a break...
5 seconds later...
{ 'Municipality/DMO': 'Pula',
  'What is your country and city of residence?': 'USA',
  Postcode: 'new york',
  City: '10009',
  Gender: 'Male',
  Age: '50 - 64',
  overnight: false,
  'how many nights': '',
  'If No, how many hours': '10',
  'did you from': 'Da casa',
  Purpose: [ 'Holiday' ],
  'how many': [ 'Alone' ],
  'primary transport': [ 'Airplane' ],
  'method transport here': [ 'Bus' ],
  'first time here': true,
  'If No, how many times': '',
  'When last visit': '',
  'Interesting Features': [ 'Beach facilities', 'A particular event' ],
  'kind of accommodation': [],
  'spend per day': '50 - 100 EURO',
  expenses: 'Within what was planned',
  'disability or reduced mobility': false,
  'special needs': 'Strongly agree',
  'sustainability efforts': false,
  'initiatives aware': '',
  'Overall Satisfaction': 'Agree',
  'Disability considerations': 'Strongly agree',
  'Highest Degree': 'High school graduate',
  'Professional Status': 'Full time employed for wages',
  'Annual Household': 'Low (under 30.000 euros)',
  'did you from-Comment': '',
  'Purpose-Comment': '',
  'primary transport-Comment': '',
  'method transport here-Comment': '',
  'Interesting Features-Comment': '',
  'kind of accommodation-Comment': '',
  'Highest Degree-Comment': '',
  'Professional Status-Comment': '',
  SurveyType: 'visitors' }
{ 'Municipality/DMO': 'Pula',
  'What is your country and city of residence?': 'USA',
  Postcode: 'new york',
  City: '10009',
  Gender: 'Male',
  Age: '50 - 64',
  overnight: false,
  'how many nights': '',
  'If No, how many hours': '10',
  'did you from': 'Da casa',
  Purpose: [ 'Holiday' ],
  'how many': [ 'Alone' ],
  'primary transport': [ 'Airplane' ],
  'method transport here': [ 'Bus' ],
  'first time here': true,
  'If No, how many times': '',
  'When last visit': '',
  'Interesting Features': [ 'Beach facilities', 'A particular event' ],
  'kind of accommodation': [],
  'spend per day': '50 - 100 EURO',
  expenses: 'Within what was planned',
  'disability or reduced mobility': false,
  'special needs': 'Strongly agree',
  'sustainability efforts': false,
  'initiatives aware': '',
  'Overall Satisfaction': 'Agree',
  'Disability considerations': 'Strongly agree',
  'Highest Degree': 'High school graduate',
  'Professional Status': 'Full time employed for wages',
  'Annual Household': 'Low (under 30.000 euros)',
  'did you from-Comment': '',
  'Purpose-Comment': '',
  'primary transport-Comment': '',
  'method transport here-Comment': '',
  'Interesting Features-Comment': '',
  'kind of accommodation-Comment': '',
  'Highest Degree-Comment': '',
  'Professional Status-Comment': '',
  SurveyType: 'visitors' }
Taking a break...
5 seconds later...
{ 'Municipality/DMO': 'Pula',
  'What is your country and city of residence?': 'algeria',
  Postcode: '',
  City: 'sétif',
  Gender: 'Other',
  Age: '50 - 64',
  overnight: true,
  'how many nights': '7',
  'If No, how many hours': '',
  'did you from': '',
  Purpose: [ 'Holiday' ],
  'how many': [ 'With family' ],
  'primary transport': [ 'Airplane' ],
  'method transport here': [ 'Car', 'Hired' ],
  'first time here': true,
  'If No, how many times': '',
  'When last visit': '',
  'Interesting Features': [ 'Beach facilities', 'Historic interest' ],
  'kind of accommodation': [ 'Bed and Breakfast or Guest home' ],
  'spend per day': '',
  expenses: 'Higher than planned',
  'disability or reduced mobility': false,
  'special needs': 'Agree',
  'sustainability efforts': false,
  'initiatives aware': '',
  'Overall Satisfaction': 'Strongly agree',
  'Disability considerations': 'Agree',
  'Highest Degree': 'High school graduate',
  'Professional Status': 'Part-time employed for wages',
  'Annual Household': 'Low (under 30.000 euros)',
  'did you from-Comment': '',
  'Purpose-Comment': '',
  'primary transport-Comment': '',
  'method transport here-Comment': '',
  'Interesting Features-Comment': '',
  'kind of accommodation-Comment': '',
  'Highest Degree-Comment': '',
  'Professional Status-Comment': '',
  SurveyType: 'visitors' }
{ 'Municipality/DMO': 'Pula',
  'What is your country and city of residence?': 'algeria',
  Postcode: '',
  City: 'sétif',
  Gender: 'Other',
  Age: '50 - 64',
  overnight: true,
  'how many nights': '7',
  'If No, how many hours': '',
  'did you from': '',
  Purpose: [ 'Holiday' ],
  'how many': [ 'With family' ],
  'primary transport': [ 'Airplane' ],
  'method transport here': [ 'Car', 'Hired' ],
  'first time here': true,
  'If No, how many times': '',
  'When last visit': '',
  'Interesting Features': [ 'Beach facilities', 'Historic interest' ],
  'kind of accommodation': [ 'Bed and Breakfast or Guest home' ],
  'spend per day': '',
  expenses: 'Higher than planned',
  'disability or reduced mobility': false,
  'special needs': 'Agree',
  'sustainability efforts': false,
  'initiatives aware': '',
  'Overall Satisfaction': 'Strongly agree',
  'Disability considerations': 'Agree',
  'Highest Degree': 'High school graduate',
  'Professional Status': 'Part-time employed for wages',
  'Annual Household': 'Low (under 30.000 euros)',
  'did you from-Comment': '',
  'Purpose-Comment': '',
  'primary transport-Comment': '',
  'method transport here-Comment': '',
  'Interesting Features-Comment': '',
  'kind of accommodation-Comment': '',
  'Highest Degree-Comment': '',
  'Professional Status-Comment': '',
  SurveyType: 'visitors' }
Taking a break...
5 seconds later...
{ 'Municipality/DMO': 'Pula',
  'What is your country and city of residence?': 'spain',
  Postcode: 'barcellona',
  City: '08002',
  Gender: 'Other',
  Age: '65 - 79',
  overnight: false,
  'how many nights': '',
  'If No, how many hours': '10',
  'did you from': 'Da casa',
  Purpose: 
   [ 'Visiting relatives and friends',
     'Work or business purposes' ],
  'how many': [ 'Alone' ],
  'primary transport': [ 'Airplane' ],
  'method transport here': [ 'Car' ],
  'first time here': true,
  'If No, how many times': '',
  'When last visit': '',
  'Interesting Features': [ 'Beach facilities', 'A particular event' ],
  'kind of accommodation': [],
  'spend per day': '> 200 EURO',
  expenses: 'Within what was planned',
  'disability or reduced mobility': true,
  'special needs': 'Strongly agree',
  'sustainability efforts': false,
  'initiatives aware': '',
  'Overall Satisfaction': 'Strongly agree',
  'Disability considerations': 'Strongly agree',
  'Highest Degree': 'No schooling completed',
  'Professional Status': 'Part-time employed for wages',
  'Annual Household': 'Low (under 30.000 euros)',
  'did you from-Comment': '',
  'Purpose-Comment': '',
  'primary transport-Comment': '',
  'method transport here-Comment': '',
  'Interesting Features-Comment': '',
  'kind of accommodation-Comment': '',
  'Highest Degree-Comment': '',
  'Professional Status-Comment': '',
  SurveyType: 'visitors' }
{ 'Municipality/DMO': 'Pula',
  'What is your country and city of residence?': 'spain',
  Postcode: 'barcellona',
  City: '08002',
  Gender: 'Other',
  Age: '65 - 79',
  overnight: false,
  'how many nights': '',
  'If No, how many hours': '10',
  'did you from': 'Da casa',
  Purpose: 
   [ 'Visiting relatives and friends',
     'Work or business purposes' ],
  'how many': [ 'Alone' ],
  'primary transport': [ 'Airplane' ],
  'method transport here': [ 'Car' ],
  'first time here': true,
  'If No, how many times': '',
  'When last visit': '',
  'Interesting Features': [ 'Beach facilities', 'A particular event' ],
  'kind of accommodation': [],
  'spend per day': '> 200 EURO',
  expenses: 'Within what was planned',
  'disability or reduced mobility': true,
  'special needs': 'Strongly agree',
  'sustainability efforts': false,
  'initiatives aware': '',
  'Overall Satisfaction': 'Strongly agree',
  'Disability considerations': 'Strongly agree',
  'Highest Degree': 'No schooling completed',
  'Professional Status': 'Part-time employed for wages',
  'Annual Household': 'Low (under 30.000 euros)',
  'did you from-Comment': '',
  'Purpose-Comment': '',
  'primary transport-Comment': '',
  'method transport here-Comment': '',
  'Interesting Features-Comment': '',
  'kind of accommodation-Comment': '',
  'Highest Degree-Comment': '',
  'Professional Status-Comment': '',
  SurveyType: 'visitors' }
Taking a break...
5 seconds later...
{ 'Municipality/DMO': 'Pula',
  'What is your country and city of residence?': 'france',
  Postcode: 'paris',
  City: '75004',
  Gender: 'Female',
  Age: '25 - 49',
  overnight: true,
  'how many nights': '7',
  'If No, how many hours': '',
  'did you from': '',
  Purpose: [ 'Holiday' ],
  'how many': [ 'With friends' ],
  'primary transport': [ 'Airplane' ],
  'method transport here': [ 'Car' ],
  'first time here': true,
  'If No, how many times': '',
  'When last visit': '',
  'Interesting Features': 
   [ 'Beach facilities',
     'Entertainment and recreation activities' ],
  'kind of accommodation': [ 'Bed and Breakfast or Guest home' ],
  'spend per day': '',
  expenses: 'Within what was planned',
  'disability or reduced mobility': false,
  'special needs': 'Strongly agree',
  'sustainability efforts': false,
  'initiatives aware': '',
  'Overall Satisfaction': 'Strongly agree',
  'Disability considerations': 'Strongly agree',
  'Highest Degree': 'High school graduate',
  'Professional Status': 'Self-employed',
  'Annual Household': 'I prefer not to answer',
  'did you from-Comment': '',
  'Purpose-Comment': '',
  'primary transport-Comment': '',
  'method transport here-Comment': '',
  'Interesting Features-Comment': '',
  'kind of accommodation-Comment': '',
  'Highest Degree-Comment': '',
  'Professional Status-Comment': '',
  SurveyType: 'visitors' }
{ 'Municipality/DMO': 'Pula',
  'What is your country and city of residence?': 'france',
  Postcode: 'paris',
  City: '75004',
  Gender: 'Female',
  Age: '25 - 49',
  overnight: true,
  'how many nights': '7',
  'If No, how many hours': '',
  'did you from': '',
  Purpose: [ 'Holiday' ],
  'how many': [ 'With friends' ],
  'primary transport': [ 'Airplane' ],
  'method transport here': [ 'Car' ],
  'first time here': true,
  'If No, how many times': '',
  'When last visit': '',
  'Interesting Features': 
   [ 'Beach facilities',
     'Entertainment and recreation activities' ],
  'kind of accommodation': [ 'Bed and Breakfast or Guest home' ],
  'spend per day': '',
  expenses: 'Within what was planned',
  'disability or reduced mobility': false,
  'special needs': 'Strongly agree',
  'sustainability efforts': false,
  'initiatives aware': '',
  'Overall Satisfaction': 'Strongly agree',
  'Disability considerations': 'Strongly agree',
  'Highest Degree': 'High school graduate',
  'Professional Status': 'Self-employed',
  'Annual Household': 'I prefer not to answer',
  'did you from-Comment': '',
  'Purpose-Comment': '',
  'primary transport-Comment': '',
  'method transport here-Comment': '',
  'Interesting Features-Comment': '',
  'kind of accommodation-Comment': '',
  'Highest Degree-Comment': '',
  'Professional Status-Comment': '',
  SurveyType: 'visitors' }
Taking a break...
5 seconds later...
{ 'Municipality/DMO': 'Pula',
  'What is your country and city of residence?': 'England',
  Postcode: '',
  City: 'Liverpool',
  Gender: 'Male',
  Age: '65 - 79',
  overnight: true,
  'how many nights': '11',
  'If No, how many hours': '',
  'did you from': '',
  Purpose: [ 'Holiday' ],
  'how many': [ 'With family' ],
  'primary transport': [ 'Airplane', 'Car', 'Hired' ],
  'method transport here': [ 'Bicycle', 'Walk', 'Car', 'Hired' ],
  'first time here': true,
  'If No, how many times': '',
  'When last visit': '',
  'Interesting Features': 
   [ 'Beach facilities',
     'Historic interest',
     'Entertainment and recreation activities' ],
  'kind of accommodation': [ 'Hotel / Resort / Motel' ],
  'spend per day': '',
  expenses: 'Within what was planned',
  'disability or reduced mobility': false,
  'special needs': 'Agree',
  'sustainability efforts': false,
  'initiatives aware': '',
  'Overall Satisfaction': 'Strongly agree',
  'Disability considerations': 'Agree',
  'Highest Degree': 'High school graduate',
  'Professional Status': 'Full time employed for wages',
  'Annual Household': 'Medium (from 30.000 to 60.000 euros)',
  'did you from-Comment': '',
  'Purpose-Comment': '',
  'primary transport-Comment': '',
  'method transport here-Comment': '',
  'Interesting Features-Comment': 'Nature',
  'kind of accommodation-Comment': '',
  'Highest Degree-Comment': '',
  'Professional Status-Comment': '',
  SurveyType: 'visitors' }
{ 'Municipality/DMO': 'Pula',
  'What is your country and city of residence?': 'England',
  Postcode: '',
  City: 'Liverpool',
  Gender: 'Male',
  Age: '65 - 79',
  overnight: true,
  'how many nights': '11',
  'If No, how many hours': '',
  'did you from': '',
  Purpose: [ 'Holiday' ],
  'how many': [ 'With family' ],
  'primary transport': [ 'Airplane', 'Car', 'Hired' ],
  'method transport here': [ 'Bicycle', 'Walk', 'Car', 'Hired' ],
  'first time here': true,
  'If No, how many times': '',
  'When last visit': '',
  'Interesting Features': 
   [ 'Beach facilities',
     'Historic interest',
     'Entertainment and recreation activities' ],
  'kind of accommodation': [ 'Hotel / Resort / Motel' ],
  'spend per day': '',
  expenses: 'Within what was planned',
  'disability or reduced mobility': false,
  'special needs': 'Agree',
  'sustainability efforts': false,
  'initiatives aware': '',
  'Overall Satisfaction': 'Strongly agree',
  'Disability considerations': 'Agree',
  'Highest Degree': 'High school graduate',
  'Professional Status': 'Full time employed for wages',
  'Annual Household': 'Medium (from 30.000 to 60.000 euros)',
  'did you from-Comment': '',
  'Purpose-Comment': '',
  'primary transport-Comment': '',
  'method transport here-Comment': '',
  'Interesting Features-Comment': 'Nature',
  'kind of accommodation-Comment': '',
  'Highest Degree-Comment': '',
  'Professional Status-Comment': '',
  SurveyType: 'visitors' }
Taking a break...
5 seconds later...
{ 'Municipality/DMO': 'Pula',
  'What is your country and city of residence?': 'England',
  Postcode: '',
  City: 'London',
  Gender: 'Female',
  Age: '50 - 64',
  overnight: true,
  'how many nights': '10',
  'If No, how many hours': '',
  'did you from': '',
  Purpose: [ 'Holiday' ],
  'how many': [ 'With family' ],
  'primary transport': [ 'Airplane', 'Bus' ],
  'method transport here': [ 'Walk' ],
  'first time here': true,
  'If No, how many times': '',
  'When last visit': '',
  'Interesting Features': 
   [ 'Historic interest',
     'Entertainment and recreation activities' ],
  'kind of accommodation': [ 'Hotel / Resort / Motel' ],
  'spend per day': '',
  expenses: 'Within what was planned',
  'disability or reduced mobility': false,
  'special needs': 'Neutral',
  'sustainability efforts': true,
  'initiatives aware': 'Raccolta differenziata (sia nella destinazione che in hotel)',
  'Overall Satisfaction': 'Agree',
  'Disability considerations': 'Neither Agree Nor Disagree',
  'Highest Degree': 'High school graduate',
  'Professional Status': 'Part-time employed for wages',
  'Annual Household': 'Medium (from 30.000 to 60.000 euros)',
  'did you from-Comment': '',
  'Purpose-Comment': '',
  'primary transport-Comment': '',
  'method transport here-Comment': 'Taxi',
  'Interesting Features-Comment': '',
  'kind of accommodation-Comment': '',
  'Highest Degree-Comment': '',
  'Professional Status-Comment': '',
  SurveyType: 'visitors' }
{ 'Municipality/DMO': 'Pula',
  'What is your country and city of residence?': 'England',
  Postcode: '',
  City: 'London',
  Gender: 'Female',
  Age: '50 - 64',
  overnight: true,
  'how many nights': '10',
  'If No, how many hours': '',
  'did you from': '',
  Purpose: [ 'Holiday' ],
  'how many': [ 'With family' ],
  'primary transport': [ 'Airplane', 'Bus' ],
  'method transport here': [ 'Walk' ],
  'first time here': true,
  'If No, how many times': '',
  'When last visit': '',
  'Interesting Features': 
   [ 'Historic interest',
     'Entertainment and recreation activities' ],
  'kind of accommodation': [ 'Hotel / Resort / Motel' ],
  'spend per day': '',
  expenses: 'Within what was planned',
  'disability or reduced mobility': false,
  'special needs': 'Neutral',
  'sustainability efforts': true,
  'initiatives aware': 'Raccolta differenziata (sia nella destinazione che in hotel)',
  'Overall Satisfaction': 'Agree',
  'Disability considerations': 'Neither Agree Nor Disagree',
  'Highest Degree': 'High school graduate',
  'Professional Status': 'Part-time employed for wages',
  'Annual Household': 'Medium (from 30.000 to 60.000 euros)',
  'did you from-Comment': '',
  'Purpose-Comment': '',
  'primary transport-Comment': '',
  'method transport here-Comment': 'Taxi',
  'Interesting Features-Comment': '',
  'kind of accommodation-Comment': '',
  'Highest Degree-Comment': '',
  'Professional Status-Comment': '',
  SurveyType: 'visitors' }
Taking a break...
5 seconds later...
{ 'Municipality/DMO': 'Pula',
  'What is your country and city of residence?': 'Denmark',
  Postcode: '5700',
  City: 'Svendburg',
  Gender: 'Female',
  Age: '65 - 79',
  overnight: true,
  'how many nights': '14',
  'If No, how many hours': '',
  'did you from': '',
  Purpose: [ 'Holiday' ],
  'how many': [ 'With family' ],
  'primary transport': [ 'Airplane', 'Car', 'Hired' ],
  'method transport here': [ 'Walk', 'Car', 'Hired' ],
  'first time here': false,
  'If No, how many times': '5',
  'When last visit': 'Negli ultimi 12 mesi',
  'Interesting Features': 
   [ 'Beach facilities',
     'Historic interest',
     'Entertainment and recreation activities',
     'Friendliness and hospitality of locals' ],
  'kind of accommodation': [ 'Rented house, flat, unit, etc.' ],
  'spend per day': '',
  expenses: 'Within what was planned',
  'disability or reduced mobility': true,
  'special needs': 'Strongly agree',
  'sustainability efforts': false,
  'initiatives aware': '',
  'Overall Satisfaction': 'Strongly agree',
  'Disability considerations': 'Strongly agree',
  'Highest Degree': 'Bachelor’s degree',
  'Professional Status': 'Retired',
  'Annual Household': 'Medium (from 30.000 to 60.000 euros)',
  'did you from-Comment': '',
  'Purpose-Comment': '',
  'primary transport-Comment': '',
  'method transport here-Comment': '',
  'Interesting Features-Comment': '',
  'kind of accommodation-Comment': '',
  'Highest Degree-Comment': '',
  'Professional Status-Comment': '',
  SurveyType: 'visitors' }
{ 'Municipality/DMO': 'Pula',
  'What is your country and city of residence?': 'Denmark',
  Postcode: '5700',
  City: 'Svendburg',
  Gender: 'Female',
  Age: '65 - 79',
  overnight: true,
  'how many nights': '14',
  'If No, how many hours': '',
  'did you from': '',
  Purpose: [ 'Holiday' ],
  'how many': [ 'With family' ],
  'primary transport': [ 'Airplane', 'Car', 'Hired' ],
  'method transport here': [ 'Walk', 'Car', 'Hired' ],
  'first time here': false,
  'If No, how many times': '5',
  'When last visit': 'Negli ultimi 12 mesi',
  'Interesting Features': 
   [ 'Beach facilities',
     'Historic interest',
     'Entertainment and recreation activities',
     'Friendliness and hospitality of locals' ],
  'kind of accommodation': [ 'Rented house, flat, unit, etc.' ],
  'spend per day': '',
  expenses: 'Within what was planned',
  'disability or reduced mobility': true,
  'special needs': 'Strongly agree',
  'sustainability efforts': false,
  'initiatives aware': '',
  'Overall Satisfaction': 'Strongly agree',
  'Disability considerations': 'Strongly agree',
  'Highest Degree': 'Bachelor’s degree',
  'Professional Status': 'Retired',
  'Annual Household': 'Medium (from 30.000 to 60.000 euros)',
  'did you from-Comment': '',
  'Purpose-Comment': '',
  'primary transport-Comment': '',
  'method transport here-Comment': '',
  'Interesting Features-Comment': '',
  'kind of accommodation-Comment': '',
  'Highest Degree-Comment': '',
  'Professional Status-Comment': '',
  SurveyType: 'visitors' }
Taking a break...
5 seconds later...
{ 'Municipality/DMO': 'Domus de Maria',
  'What is your country and city of residence?': 'Italia',
  Postcode: '24060',
  City: 'Bergamo',
  Gender: 'Male',
  Age: '25 - 49',
  overnight: false,
  'how many nights': '',
  'If No, how many hours': '10',
  'did you from': 'Altro',
  Purpose: [ 'Holiday' ],
  'how many': [ 'With family' ],
  'primary transport': [ 'Car', 'Boat / Ship / Ferry', 'Own, friends, firm' ],
  'method transport here': [ 'Car', 'Own, friends, firm' ],
  'first time here': true,
  'If No, how many times': '',
  'When last visit': '',
  'Interesting Features': [ 'Beach facilities', 'Scenery and countryside' ],
  'kind of accommodation': [],
  'spend per day': '25 - 50 EURO',
  expenses: 'Within what was planned',
  'disability or reduced mobility': false,
  'special needs': '',
  'sustainability efforts': false,
  'initiatives aware': '',
  'Overall Satisfaction': 'Agree',
  'Disability considerations': '',
  'Highest Degree': 'Master’s degree',
  'Professional Status': 'Full time employed for wages',
  'Annual Household': 'Medium (from 30.000 to 60.000 euros)',
  'did you from-Comment': 'Santa margherita di pula',
  'Purpose-Comment': '',
  'primary transport-Comment': '',
  'method transport here-Comment': '',
  'Interesting Features-Comment': '',
  'kind of accommodation-Comment': '',
  'Highest Degree-Comment': '',
  'Professional Status-Comment': '',
  SurveyType: 'visitors' }
{ 'Municipality/DMO': 'Domus de Maria',
  'What is your country and city of residence?': 'Italia',
  Postcode: '24060',
  City: 'Bergamo',
  Gender: 'Male',
  Age: '25 - 49',
  overnight: false,
  'how many nights': '',
  'If No, how many hours': '10',
  'did you from': 'Altro',
  Purpose: [ 'Holiday' ],
  'how many': [ 'With family' ],
  'primary transport': [ 'Car', 'Boat / Ship / Ferry', 'Own, friends, firm' ],
  'method transport here': [ 'Car', 'Own, friends, firm' ],
  'first time here': true,
  'If No, how many times': '',
  'When last visit': '',
  'Interesting Features': [ 'Beach facilities', 'Scenery and countryside' ],
  'kind of accommodation': [],
  'spend per day': '25 - 50 EURO',
  expenses: 'Within what was planned',
  'disability or reduced mobility': false,
  'special needs': '',
  'sustainability efforts': false,
  'initiatives aware': '',
  'Overall Satisfaction': 'Agree',
  'Disability considerations': '',
  'Highest Degree': 'Master’s degree',
  'Professional Status': 'Full time employed for wages',
  'Annual Household': 'Medium (from 30.000 to 60.000 euros)',
  'did you from-Comment': 'Santa margherita di pula',
  'Purpose-Comment': '',
  'primary transport-Comment': '',
  'method transport here-Comment': '',
  'Interesting Features-Comment': '',
  'kind of accommodation-Comment': '',
  'Highest Degree-Comment': '',
  'Professional Status-Comment': '',
  SurveyType: 'visitors' }
Taking a break...
5 seconds later...
{ 'Municipality/DMO': 'Domus de Maria',
  'What is your country and city of residence?': 'Italia',
  Postcode: '20800',
  City: 'Milano',
  Gender: 'Female',
  Age: '65 - 79',
  overnight: true,
  'how many nights': '7',
  'If No, how many hours': '',
  'did you from': '',
  Purpose: [ 'Holiday' ],
  'how many': [ 'With family' ],
  'primary transport': [ 'Airplane', 'Car', 'Hired' ],
  'method transport here': [ 'Car', 'Hired' ],
  'first time here': true,
  'If No, how many times': '',
  'When last visit': '',
  'Interesting Features': [],
  'kind of accommodation': [ 'Hotel / Resort / Motel' ],
  'spend per day': '',
  expenses: 'Within what was planned',
  'disability or reduced mobility': false,
  'special needs': 'Strongly Disagree',
  'sustainability efforts': false,
  'initiatives aware': '',
  'Overall Satisfaction': 'Slightly Agree',
  'Disability considerations': 'Strongly Disagree',
  'Highest Degree': 'High school graduate',
  'Professional Status': 'Retired',
  'Annual Household': 'I prefer not to answer',
  'did you from-Comment': '',
  'Purpose-Comment': '',
  'primary transport-Comment': '',
  'method transport here-Comment': '',
  'Interesting Features-Comment': 'Curiosità (passaparola)',
  'kind of accommodation-Comment': '',
  'Highest Degree-Comment': '',
  'Professional Status-Comment': '',
  SurveyType: 'visitors' }
{ 'Municipality/DMO': 'Domus de Maria',
  'What is your country and city of residence?': 'Italia',
  Postcode: '20800',
  City: 'Milano',
  Gender: 'Female',
  Age: '65 - 79',
  overnight: true,
  'how many nights': '7',
  'If No, how many hours': '',
  'did you from': '',
  Purpose: [ 'Holiday' ],
  'how many': [ 'With family' ],
  'primary transport': [ 'Airplane', 'Car', 'Hired' ],
  'method transport here': [ 'Car', 'Hired' ],
  'first time here': true,
  'If No, how many times': '',
  'When last visit': '',
  'Interesting Features': [],
  'kind of accommodation': [ 'Hotel / Resort / Motel' ],
  'spend per day': '',
  expenses: 'Within what was planned',
  'disability or reduced mobility': false,
  'special needs': 'Strongly Disagree',
  'sustainability efforts': false,
  'initiatives aware': '',
  'Overall Satisfaction': 'Slightly Agree',
  'Disability considerations': 'Strongly Disagree',
  'Highest Degree': 'High school graduate',
  'Professional Status': 'Retired',
  'Annual Household': 'I prefer not to answer',
  'did you from-Comment': '',
  'Purpose-Comment': '',
  'primary transport-Comment': '',
  'method transport here-Comment': '',
  'Interesting Features-Comment': 'Curiosità (passaparola)',
  'kind of accommodation-Comment': '',
  'Highest Degree-Comment': '',
  'Professional Status-Comment': '',
  SurveyType: 'visitors' }
Taking a break...
5 seconds later...
{ 'Municipality/DMO': 'Domus de Maria',
  'What is your country and city of residence?': 'Svizzera',
  Postcode: '6614',
  City: 'Brissago',
  Gender: 'Female',
  Age: '50 - 64',
  overnight: true,
  'how many nights': '10',
  'If No, how many hours': '',
  'did you from': '',
  Purpose: [ 'Holiday' ],
  'how many': [ 'With family' ],
  'primary transport': [ 'Airplane', 'Car', 'Hired' ],
  'method transport here': [ 'Car', 'Hired' ],
  'first time here': true,
  'If No, how many times': '',
  'When last visit': '',
  'Interesting Features': [ 'Beach facilities' ],
  'kind of accommodation': [ 'Hotel / Resort / Motel' ],
  'spend per day': '',
  expenses: 'Higher than planned',
  'disability or reduced mobility': false,
  'special needs': 'Agree',
  'sustainability efforts': false,
  'initiatives aware': '',
  'Overall Satisfaction': 'Strongly agree',
  'Disability considerations': 'Agree',
  'Highest Degree': 'Master’s degree',
  'Professional Status': 'Retired',
  'Annual Household': 'High (over 60.000 euros)',
  'did you from-Comment': '',
  'Purpose-Comment': '',
  'primary transport-Comment': '',
  'method transport here-Comment': '',
  'Interesting Features-Comment': 'Mare',
  'kind of accommodation-Comment': '',
  'Highest Degree-Comment': '',
  'Professional Status-Comment': '',
  SurveyType: 'visitors' }
{ 'Municipality/DMO': 'Domus de Maria',
  'What is your country and city of residence?': 'Svizzera',
  Postcode: '6614',
  City: 'Brissago',
  Gender: 'Female',
  Age: '50 - 64',
  overnight: true,
  'how many nights': '10',
  'If No, how many hours': '',
  'did you from': '',
  Purpose: [ 'Holiday' ],
  'how many': [ 'With family' ],
  'primary transport': [ 'Airplane', 'Car', 'Hired' ],
  'method transport here': [ 'Car', 'Hired' ],
  'first time here': true,
  'If No, how many times': '',
  'When last visit': '',
  'Interesting Features': [ 'Beach facilities' ],
  'kind of accommodation': [ 'Hotel / Resort / Motel' ],
  'spend per day': '',
  expenses: 'Higher than planned',
  'disability or reduced mobility': false,
  'special needs': 'Agree',
  'sustainability efforts': false,
  'initiatives aware': '',
  'Overall Satisfaction': 'Strongly agree',
  'Disability considerations': 'Agree',
  'Highest Degree': 'Master’s degree',
  'Professional Status': 'Retired',
  'Annual Household': 'High (over 60.000 euros)',
  'did you from-Comment': '',
  'Purpose-Comment': '',
  'primary transport-Comment': '',
  'method transport here-Comment': '',
  'Interesting Features-Comment': 'Mare',
  'kind of accommodation-Comment': '',
  'Highest Degree-Comment': '',
  'Professional Status-Comment': '',
  SurveyType: 'visitors' }
